[2025-11-23T13:35:16.229+0000] {manager.py:470} INFO - Processing files using up to 2 processes at a time 
[2025-11-23T13:35:16.244+0000] {manager.py:471} INFO - Process each file at most once every 30 seconds
[2025-11-23T13:35:16.273+0000] {manager.py:472} INFO - Checking for new files in /opt/airflow/dags every 300 seconds
[2025-11-23T13:35:16.291+0000] {manager.py:737} INFO - Searching for files in /opt/airflow/dags
[2025-11-23T13:35:16.525+0000] {manager.py:740} INFO - There are 1 files in /opt/airflow/dags
[2025-11-23T13:35:17.601+0000] {manager.py:878} INFO - 
================================================================================
DAG File Processing Stats

File Path                                PID  Runtime      # DAGs    # Errors  Last Runtime    Last Run
-------------------------------------  -----  ---------  --------  ----------  --------------  ----------
/opt/airflow/dags/cbr_daily_to_raw.py    164  0.19s             0           0
================================================================================
[2025-11-23T13:35:47.933+0000] {manager.py:878} INFO - 
================================================================================
DAG File Processing Stats

File Path                                PID  Runtime      # DAGs    # Errors  Last Runtime    Last Run
-------------------------------------  -----  ---------  --------  ----------  --------------  -------------------
/opt/airflow/dags/cbr_daily_to_raw.py    169  0.00s             0           1  0.31s           2025-11-23T13:35:17
================================================================================
[2025-11-23T13:36:18.239+0000] {manager.py:878} INFO - 
================================================================================
DAG File Processing Stats

File Path                                PID  Runtime      # DAGs    # Errors  Last Runtime    Last Run
-------------------------------------  -----  ---------  --------  ----------  --------------  -------------------
/opt/airflow/dags/cbr_daily_to_raw.py    174  0.00s             0           1  0.14s           2025-11-23T13:35:48
================================================================================
[2025-11-23T13:36:48.598+0000] {manager.py:878} INFO - 
================================================================================
DAG File Processing Stats

File Path                                PID  Runtime      # DAGs    # Errors  Last Runtime    Last Run
-------------------------------------  -----  ---------  --------  ----------  --------------  -------------------
/opt/airflow/dags/cbr_daily_to_raw.py    179  0.01s             0           1  0.10s           2025-11-23T13:36:18
================================================================================
[2025-11-23T13:37:18.947+0000] {manager.py:878} INFO - 
================================================================================
DAG File Processing Stats

File Path                                PID  Runtime      # DAGs    # Errors  Last Runtime    Last Run
-------------------------------------  -----  ---------  --------  ----------  --------------  -------------------
/opt/airflow/dags/cbr_daily_to_raw.py    184  0.01s             0           1  0.13s           2025-11-23T13:36:48
================================================================================
[2025-11-23T13:37:49.260+0000] {manager.py:878} INFO - 
================================================================================
DAG File Processing Stats

File Path                                PID  Runtime      # DAGs    # Errors  Last Runtime    Last Run
-------------------------------------  -----  ---------  --------  ----------  --------------  -------------------
/opt/airflow/dags/cbr_daily_to_raw.py    189  0.00s             0           1  0.11s           2025-11-23T13:37:19
================================================================================
[2025-11-23T13:38:19.648+0000] {manager.py:878} INFO - 
================================================================================
DAG File Processing Stats

File Path                                PID  Runtime      # DAGs    # Errors  Last Runtime    Last Run
-------------------------------------  -----  ---------  --------  ----------  --------------  -------------------
/opt/airflow/dags/cbr_daily_to_raw.py    194  0.01s             0           1  0.10s           2025-11-23T13:37:49
================================================================================
[2025-11-23T13:38:49.923+0000] {manager.py:878} INFO - 
================================================================================
DAG File Processing Stats

File Path                                PID  Runtime      # DAGs    # Errors  Last Runtime    Last Run
-------------------------------------  -----  ---------  --------  ----------  --------------  -------------------
/opt/airflow/dags/cbr_daily_to_raw.py    199  0.01s             0           1  0.12s           2025-11-23T13:38:19
================================================================================
[2025-11-23T13:39:20.381+0000] {manager.py:878} INFO - 
================================================================================
DAG File Processing Stats

File Path                                PID  Runtime      # DAGs    # Errors  Last Runtime    Last Run
-------------------------------------  -----  ---------  --------  ----------  --------------  -------------------
/opt/airflow/dags/cbr_daily_to_raw.py    204  0.01s             0           1  0.12s           2025-11-23T13:38:50
================================================================================
[2025-11-23T13:39:50.741+0000] {manager.py:878} INFO - 
================================================================================
DAG File Processing Stats

File Path                                PID  Runtime      # DAGs    # Errors  Last Runtime    Last Run
-------------------------------------  -----  ---------  --------  ----------  --------------  -------------------
/opt/airflow/dags/cbr_daily_to_raw.py    209  0.00s             0           1  0.10s           2025-11-23T13:39:20
================================================================================
[2025-11-23T13:40:08.379+0000] {manager.py:452} INFO - Exiting gracefully upon receiving signal 15
[2025-11-23T13:40:28.127+0000] {manager.py:470} INFO - Processing files using up to 2 processes at a time 
[2025-11-23T13:40:28.130+0000] {manager.py:471} INFO - Process each file at most once every 30 seconds
[2025-11-23T13:40:28.132+0000] {manager.py:472} INFO - Checking for new files in /opt/airflow/dags every 300 seconds
[2025-11-23T13:40:28.134+0000] {manager.py:737} INFO - Searching for files in /opt/airflow/dags
[2025-11-23T13:40:28.184+0000] {manager.py:740} INFO - There are 1 files in /opt/airflow/dags
[2025-11-23T13:40:28.453+0000] {manager.py:878} INFO - 
================================================================================
DAG File Processing Stats

File Path                                PID  Runtime      # DAGs    # Errors  Last Runtime    Last Run
-------------------------------------  -----  ---------  --------  ----------  --------------  ----------
/opt/airflow/dags/cbr_daily_to_raw.py    164  0.07s             0           0
================================================================================
[2025-11-23T13:40:58.704+0000] {manager.py:878} INFO - 
================================================================================
DAG File Processing Stats

File Path                                PID  Runtime      # DAGs    # Errors  Last Runtime    Last Run
-------------------------------------  -----  ---------  --------  ----------  --------------  -------------------
/opt/airflow/dags/cbr_daily_to_raw.py    171  0.01s             1           0  0.22s           2025-11-23T13:40:28
================================================================================
[2025-11-23T13:41:28.962+0000] {manager.py:878} INFO - 
================================================================================
DAG File Processing Stats

File Path                                PID  Runtime      # DAGs    # Errors  Last Runtime    Last Run
-------------------------------------  -----  ---------  --------  ----------  --------------  -------------------
/opt/airflow/dags/cbr_daily_to_raw.py    176  0.01s             1           0  0.18s           2025-11-23T13:40:58
================================================================================
[2025-11-23T13:41:59.265+0000] {manager.py:878} INFO - 
================================================================================
DAG File Processing Stats

File Path                                PID  Runtime      # DAGs    # Errors  Last Runtime    Last Run
-------------------------------------  -----  ---------  --------  ----------  --------------  -------------------
/opt/airflow/dags/cbr_daily_to_raw.py    181  0.01s             1           0  0.19s           2025-11-23T13:41:29
================================================================================
[2025-11-23T13:42:29.609+0000] {manager.py:878} INFO - 
================================================================================
DAG File Processing Stats

File Path                                PID  Runtime      # DAGs    # Errors  Last Runtime    Last Run
-------------------------------------  -----  ---------  --------  ----------  --------------  -------------------
/opt/airflow/dags/cbr_daily_to_raw.py    186  0.00s             1           0  0.18s           2025-11-23T13:41:59
================================================================================
[2025-11-23T13:43:00.183+0000] {manager.py:878} INFO - 
================================================================================
DAG File Processing Stats

File Path                                PID  Runtime      # DAGs    # Errors  Last Runtime    Last Run
-------------------------------------  -----  ---------  --------  ----------  --------------  -------------------
/opt/airflow/dags/cbr_daily_to_raw.py    191  0.00s             1           0  0.16s           2025-11-23T13:42:29
================================================================================
[2025-11-23T13:43:30.666+0000] {manager.py:878} INFO - 
================================================================================
DAG File Processing Stats

File Path                                PID  Runtime      # DAGs    # Errors  Last Runtime    Last Run
-------------------------------------  -----  ---------  --------  ----------  --------------  -------------------
/opt/airflow/dags/cbr_daily_to_raw.py    196  0.01s             1           0  0.17s           2025-11-23T13:43:00
================================================================================
[2025-11-23T13:44:00.913+0000] {manager.py:878} INFO - 
================================================================================
DAG File Processing Stats

File Path                                PID  Runtime      # DAGs    # Errors  Last Runtime    Last Run
-------------------------------------  -----  ---------  --------  ----------  --------------  -------------------
/opt/airflow/dags/cbr_daily_to_raw.py    201  0.00s             1           0  0.17s           2025-11-23T13:43:30
================================================================================
[2025-11-23T13:44:31.365+0000] {manager.py:878} INFO - 
================================================================================
DAG File Processing Stats

File Path                                PID  Runtime      # DAGs    # Errors  Last Runtime    Last Run
-------------------------------------  -----  ---------  --------  ----------  --------------  -------------------
/opt/airflow/dags/cbr_daily_to_raw.py    206  0.01s             1           0  0.16s           2025-11-23T13:44:01
================================================================================
[2025-11-23T13:45:01.659+0000] {manager.py:878} INFO - 
================================================================================
DAG File Processing Stats

File Path                                PID  Runtime      # DAGs    # Errors  Last Runtime    Last Run
-------------------------------------  -----  ---------  --------  ----------  --------------  -------------------
/opt/airflow/dags/cbr_daily_to_raw.py    211  0.01s             1           0  0.22s           2025-11-23T13:44:31
================================================================================
[2025-11-23T13:45:28.999+0000] {manager.py:737} INFO - Searching for files in /opt/airflow/dags
[2025-11-23T13:45:29.042+0000] {manager.py:740} INFO - There are 1 files in /opt/airflow/dags
[2025-11-23T13:45:32.100+0000] {manager.py:878} INFO - 
================================================================================
DAG File Processing Stats

File Path                                PID  Runtime      # DAGs    # Errors  Last Runtime    Last Run
-------------------------------------  -----  ---------  --------  ----------  --------------  -------------------
/opt/airflow/dags/cbr_daily_to_raw.py    216  0.01s             1           0  0.22s           2025-11-23T13:45:01
================================================================================
[2025-11-23T13:46:49.843+0000] {manager.py:470} INFO - Processing files using up to 2 processes at a time 
[2025-11-23T13:46:49.847+0000] {manager.py:471} INFO - Process each file at most once every 30 seconds
[2025-11-23T13:46:49.854+0000] {manager.py:472} INFO - Checking for new files in /opt/airflow/dags every 300 seconds
[2025-11-23T13:46:49.859+0000] {manager.py:737} INFO - Searching for files in /opt/airflow/dags
[2025-11-23T13:46:49.951+0000] {manager.py:740} INFO - There are 1 files in /opt/airflow/dags
[2025-11-23T13:46:50.616+0000] {manager.py:878} INFO - 
================================================================================
DAG File Processing Stats

File Path                                PID  Runtime      # DAGs    # Errors  Last Runtime    Last Run
-------------------------------------  -----  ---------  --------  ----------  --------------  ----------
/opt/airflow/dags/cbr_daily_to_raw.py    163  0.15s             0           0
================================================================================
[2025-11-23T13:47:21.008+0000] {manager.py:878} INFO - 
================================================================================
DAG File Processing Stats

File Path                              PID    Runtime      # DAGs    # Errors  Last Runtime    Last Run
-------------------------------------  -----  ---------  --------  ----------  --------------  -------------------
/opt/airflow/dags/cbr_daily_to_raw.py                           1           0  0.58s           2025-11-23T13:46:51
================================================================================
[2025-11-23T13:47:51.615+0000] {manager.py:878} INFO - 
================================================================================
DAG File Processing Stats

File Path                                PID  Runtime      # DAGs    # Errors  Last Runtime    Last Run
-------------------------------------  -----  ---------  --------  ----------  --------------  -------------------
/opt/airflow/dags/cbr_daily_to_raw.py    173  0.02s             1           0  0.22s           2025-11-23T13:47:21
================================================================================
[2025-11-23T13:48:21.915+0000] {manager.py:878} INFO - 
================================================================================
DAG File Processing Stats

File Path                                PID  Runtime      # DAGs    # Errors  Last Runtime    Last Run
-------------------------------------  -----  ---------  --------  ----------  --------------  -------------------
/opt/airflow/dags/cbr_daily_to_raw.py    178  0.01s             1           0  0.21s           2025-11-23T13:47:51
================================================================================
[2025-11-23T13:48:52.441+0000] {manager.py:878} INFO - 
================================================================================
DAG File Processing Stats

File Path                                PID  Runtime      # DAGs    # Errors  Last Runtime    Last Run
-------------------------------------  -----  ---------  --------  ----------  --------------  -------------------
/opt/airflow/dags/cbr_daily_to_raw.py    183  0.01s             1           0  0.35s           2025-11-23T13:48:22
================================================================================
[2025-11-23T13:49:22.819+0000] {manager.py:878} INFO - 
================================================================================
DAG File Processing Stats

File Path                                PID  Runtime      # DAGs    # Errors  Last Runtime    Last Run
-------------------------------------  -----  ---------  --------  ----------  --------------  -------------------
/opt/airflow/dags/cbr_daily_to_raw.py    188  0.01s             1           0  0.19s           2025-11-23T13:48:52
================================================================================
[2025-11-23T13:49:53.256+0000] {manager.py:878} INFO - 
================================================================================
DAG File Processing Stats

File Path                                PID  Runtime      # DAGs    # Errors  Last Runtime    Last Run
-------------------------------------  -----  ---------  --------  ----------  --------------  -------------------
/opt/airflow/dags/cbr_daily_to_raw.py    193  0.01s             1           0  0.18s           2025-11-23T13:49:22
================================================================================
[2025-11-23T13:50:23.524+0000] {manager.py:878} INFO - 
================================================================================
DAG File Processing Stats

File Path                                PID  Runtime      # DAGs    # Errors  Last Runtime    Last Run
-------------------------------------  -----  ---------  --------  ----------  --------------  -------------------
/opt/airflow/dags/cbr_daily_to_raw.py    202  0.01s             1           0  0.18s           2025-11-23T13:49:53
================================================================================
[2025-11-23T13:50:54.076+0000] {manager.py:878} INFO - 
================================================================================
DAG File Processing Stats

File Path                                PID  Runtime      # DAGs    # Errors  Last Runtime    Last Run
-------------------------------------  -----  ---------  --------  ----------  --------------  -------------------
/opt/airflow/dags/cbr_daily_to_raw.py    207  0.01s             1           0  0.27s           2025-11-23T13:50:23
================================================================================
[2025-11-23T13:51:24.410+0000] {manager.py:878} INFO - 
================================================================================
DAG File Processing Stats

File Path                                PID  Runtime      # DAGs    # Errors  Last Runtime    Last Run
-------------------------------------  -----  ---------  --------  ----------  --------------  -------------------
/opt/airflow/dags/cbr_daily_to_raw.py    212  0.01s             1           0  0.19s           2025-11-23T13:50:54
================================================================================
[2025-11-23T13:51:40.677+0000] {manager.py:452} INFO - Exiting gracefully upon receiving signal 15
[2025-11-23T13:52:39.067+0000] {manager.py:470} INFO - Processing files using up to 2 processes at a time 
[2025-11-23T13:52:39.074+0000] {manager.py:471} INFO - Process each file at most once every 30 seconds
[2025-11-23T13:52:39.080+0000] {manager.py:472} INFO - Checking for new files in /opt/airflow/dags every 300 seconds
[2025-11-23T13:52:39.083+0000] {manager.py:737} INFO - Searching for files in /opt/airflow/dags
[2025-11-23T13:52:39.163+0000] {manager.py:740} INFO - There are 1 files in /opt/airflow/dags
[2025-11-23T13:52:39.861+0000] {manager.py:878} INFO - 
================================================================================
DAG File Processing Stats

File Path                                PID  Runtime      # DAGs    # Errors  Last Runtime    Last Run
-------------------------------------  -----  ---------  --------  ----------  --------------  ----------
/opt/airflow/dags/cbr_daily_to_raw.py    165  0.11s             0           0
================================================================================
[2025-11-23T13:53:10.129+0000] {manager.py:878} INFO - 
================================================================================
DAG File Processing Stats

File Path                              PID    Runtime      # DAGs    # Errors  Last Runtime    Last Run
-------------------------------------  -----  ---------  --------  ----------  --------------  -------------------
/opt/airflow/dags/cbr_daily_to_raw.py                           1           0  0.56s           2025-11-23T13:52:40
================================================================================
[2025-11-23T13:53:40.930+0000] {manager.py:878} INFO - 
================================================================================
DAG File Processing Stats

File Path                                PID  Runtime      # DAGs    # Errors  Last Runtime    Last Run
-------------------------------------  -----  ---------  --------  ----------  --------------  -------------------
/opt/airflow/dags/cbr_daily_to_raw.py    176  0.01s             1           0  0.21s           2025-11-23T13:53:10
================================================================================
[2025-11-23T13:54:11.347+0000] {manager.py:878} INFO - 
================================================================================
DAG File Processing Stats

File Path                                PID  Runtime      # DAGs    # Errors  Last Runtime    Last Run
-------------------------------------  -----  ---------  --------  ----------  --------------  -------------------
/opt/airflow/dags/cbr_daily_to_raw.py    181  0.01s             1           0  0.18s           2025-11-23T13:53:41
================================================================================
[2025-11-23T13:54:41.655+0000] {manager.py:878} INFO - 
================================================================================
DAG File Processing Stats

File Path                                PID  Runtime      # DAGs    # Errors  Last Runtime    Last Run
-------------------------------------  -----  ---------  --------  ----------  --------------  -------------------
/opt/airflow/dags/cbr_daily_to_raw.py    186  0.00s             1           0  0.23s           2025-11-23T13:54:11
================================================================================
[2025-11-23T13:55:11.926+0000] {manager.py:878} INFO - 
================================================================================
DAG File Processing Stats

File Path                                PID  Runtime      # DAGs    # Errors  Last Runtime    Last Run
-------------------------------------  -----  ---------  --------  ----------  --------------  -------------------
/opt/airflow/dags/cbr_daily_to_raw.py    191  0.00s             1           0  0.17s           2025-11-23T13:54:41
================================================================================
[2025-11-23T13:55:42.298+0000] {manager.py:878} INFO - 
================================================================================
DAG File Processing Stats

File Path                                PID  Runtime      # DAGs    # Errors  Last Runtime    Last Run
-------------------------------------  -----  ---------  --------  ----------  --------------  -------------------
/opt/airflow/dags/cbr_daily_to_raw.py    196  0.00s             1           0  0.24s           2025-11-23T13:55:12
================================================================================
[2025-11-23T13:56:12.634+0000] {manager.py:878} INFO - 
================================================================================
DAG File Processing Stats

File Path                                PID  Runtime      # DAGs    # Errors  Last Runtime    Last Run
-------------------------------------  -----  ---------  --------  ----------  --------------  -------------------
/opt/airflow/dags/cbr_daily_to_raw.py    201  0.01s             1           0  0.22s           2025-11-23T13:55:42
================================================================================
[2025-11-23T13:56:43.036+0000] {manager.py:878} INFO - 
================================================================================
DAG File Processing Stats

File Path                                PID  Runtime      # DAGs    # Errors  Last Runtime    Last Run
-------------------------------------  -----  ---------  --------  ----------  --------------  -------------------
/opt/airflow/dags/cbr_daily_to_raw.py    206  0.01s             1           0  0.17s           2025-11-23T13:56:12
================================================================================
[2025-11-23T13:57:13.350+0000] {manager.py:878} INFO - 
================================================================================
DAG File Processing Stats

File Path                                PID  Runtime      # DAGs    # Errors  Last Runtime    Last Run
-------------------------------------  -----  ---------  --------  ----------  --------------  -------------------
/opt/airflow/dags/cbr_daily_to_raw.py    211  0.00s             1           0  0.18s           2025-11-23T13:56:43
================================================================================
[2025-11-23T13:57:39.642+0000] {manager.py:737} INFO - Searching for files in /opt/airflow/dags
[2025-11-23T13:57:39.683+0000] {manager.py:740} INFO - There are 1 files in /opt/airflow/dags
[2025-11-23T13:57:43.742+0000] {manager.py:878} INFO - 
================================================================================
DAG File Processing Stats

File Path                                PID  Runtime      # DAGs    # Errors  Last Runtime    Last Run
-------------------------------------  -----  ---------  --------  ----------  --------------  -------------------
/opt/airflow/dags/cbr_daily_to_raw.py    216  0.01s             1           0  0.20s           2025-11-23T13:57:13
================================================================================
[2025-11-23T13:58:14.084+0000] {manager.py:878} INFO - 
================================================================================
DAG File Processing Stats

File Path                                PID  Runtime      # DAGs    # Errors  Last Runtime    Last Run
-------------------------------------  -----  ---------  --------  ----------  --------------  -------------------
/opt/airflow/dags/cbr_daily_to_raw.py    221  0.01s             1           0  0.18s           2025-11-23T13:57:43
================================================================================
[2025-11-23T13:58:44.581+0000] {manager.py:878} INFO - 
================================================================================
DAG File Processing Stats

File Path                                PID  Runtime      # DAGs    # Errors  Last Runtime    Last Run
-------------------------------------  -----  ---------  --------  ----------  --------------  -------------------
/opt/airflow/dags/cbr_daily_to_raw.py    226  0.01s             1           0  0.20s           2025-11-23T13:58:14
================================================================================
[2025-11-23T13:59:14.932+0000] {manager.py:878} INFO - 
================================================================================
DAG File Processing Stats

File Path                                PID  Runtime      # DAGs    # Errors  Last Runtime    Last Run
-------------------------------------  -----  ---------  --------  ----------  --------------  -------------------
/opt/airflow/dags/cbr_daily_to_raw.py    231  0.01s             1           0  0.20s           2025-11-23T13:58:44
================================================================================
[2025-11-23T13:59:45.453+0000] {manager.py:878} INFO - 
================================================================================
DAG File Processing Stats

File Path                                PID  Runtime      # DAGs    # Errors  Last Runtime    Last Run
-------------------------------------  -----  ---------  --------  ----------  --------------  -------------------
/opt/airflow/dags/cbr_daily_to_raw.py    236  0.01s             1           0  0.18s           2025-11-23T13:59:15
================================================================================
[2025-11-23T14:00:15.792+0000] {manager.py:878} INFO - 
================================================================================
DAG File Processing Stats

File Path                                PID  Runtime      # DAGs    # Errors  Last Runtime    Last Run
-------------------------------------  -----  ---------  --------  ----------  --------------  -------------------
/opt/airflow/dags/cbr_daily_to_raw.py    241  0.01s             1           0  0.18s           2025-11-23T13:59:45
================================================================================
[2025-11-23T14:00:46.258+0000] {manager.py:878} INFO - 
================================================================================
DAG File Processing Stats

File Path                                PID  Runtime      # DAGs    # Errors  Last Runtime    Last Run
-------------------------------------  -----  ---------  --------  ----------  --------------  -------------------
/opt/airflow/dags/cbr_daily_to_raw.py    246  0.01s             1           0  0.17s           2025-11-23T14:00:15
================================================================================
[2025-11-23T14:01:16.604+0000] {manager.py:878} INFO - 
================================================================================
DAG File Processing Stats

File Path                                PID  Runtime      # DAGs    # Errors  Last Runtime    Last Run
-------------------------------------  -----  ---------  --------  ----------  --------------  -------------------
/opt/airflow/dags/cbr_daily_to_raw.py    251  0.01s             1           0  0.17s           2025-11-23T14:00:46
================================================================================
[2025-11-23T14:01:47.043+0000] {manager.py:878} INFO - 
================================================================================
DAG File Processing Stats

File Path                                PID  Runtime      # DAGs    # Errors  Last Runtime    Last Run
-------------------------------------  -----  ---------  --------  ----------  --------------  -------------------
/opt/airflow/dags/cbr_daily_to_raw.py    256  0.01s             1           0  0.18s           2025-11-23T14:01:16
================================================================================
[2025-11-23T14:02:17.377+0000] {manager.py:878} INFO - 
================================================================================
DAG File Processing Stats

File Path                                PID  Runtime      # DAGs    # Errors  Last Runtime    Last Run
-------------------------------------  -----  ---------  --------  ----------  --------------  -------------------
/opt/airflow/dags/cbr_daily_to_raw.py    261  0.00s             1           0  0.18s           2025-11-23T14:01:47
================================================================================
[2025-11-23T14:03:36.139+0000] {manager.py:470} INFO - Processing files using up to 2 processes at a time 
[2025-11-23T14:03:36.144+0000] {manager.py:471} INFO - Process each file at most once every 30 seconds
[2025-11-23T14:03:36.147+0000] {manager.py:472} INFO - Checking for new files in /opt/airflow/dags every 300 seconds
[2025-11-23T14:03:36.149+0000] {manager.py:737} INFO - Searching for files in /opt/airflow/dags
[2025-11-23T14:03:36.204+0000] {manager.py:740} INFO - There are 1 files in /opt/airflow/dags
[2025-11-23T14:03:36.661+0000] {manager.py:878} INFO - 
================================================================================
DAG File Processing Stats

File Path                                PID  Runtime      # DAGs    # Errors  Last Runtime    Last Run
-------------------------------------  -----  ---------  --------  ----------  --------------  ----------
/opt/airflow/dags/cbr_daily_to_raw.py    164  0.08s             0           0
================================================================================
[2025-11-23T14:04:06.900+0000] {manager.py:878} INFO - 
================================================================================
DAG File Processing Stats

File Path                              PID    Runtime      # DAGs    # Errors  Last Runtime    Last Run
-------------------------------------  -----  ---------  --------  ----------  --------------  -------------------
/opt/airflow/dags/cbr_daily_to_raw.py                           1           0  0.39s           2025-11-23T14:03:36
================================================================================
[2025-11-23T14:04:37.510+0000] {manager.py:878} INFO - 
================================================================================
DAG File Processing Stats

File Path                                PID  Runtime      # DAGs    # Errors  Last Runtime    Last Run
-------------------------------------  -----  ---------  --------  ----------  --------------  -------------------
/opt/airflow/dags/cbr_daily_to_raw.py    176  0.01s             1           0  0.19s           2025-11-23T14:04:07
================================================================================
[2025-11-23T14:05:08.008+0000] {manager.py:878} INFO - 
================================================================================
DAG File Processing Stats

File Path                                PID  Runtime      # DAGs    # Errors  Last Runtime    Last Run
-------------------------------------  -----  ---------  --------  ----------  --------------  -------------------
/opt/airflow/dags/cbr_daily_to_raw.py    181  0.01s             1           0  0.23s           2025-11-23T14:04:37
================================================================================
[2025-11-23T14:06:27.089+0000] {manager.py:470} INFO - Processing files using up to 2 processes at a time 
[2025-11-23T14:06:27.099+0000] {manager.py:471} INFO - Process each file at most once every 30 seconds
[2025-11-23T14:06:27.114+0000] {manager.py:472} INFO - Checking for new files in /opt/airflow/dags every 300 seconds
[2025-11-23T14:06:27.119+0000] {manager.py:737} INFO - Searching for files in /opt/airflow/dags
[2025-11-23T14:06:27.292+0000] {manager.py:740} INFO - There are 1 files in /opt/airflow/dags
[2025-11-23T14:06:28.416+0000] {manager.py:878} INFO - 
================================================================================
DAG File Processing Stats

File Path                                PID  Runtime      # DAGs    # Errors  Last Runtime    Last Run
-------------------------------------  -----  ---------  --------  ----------  --------------  ----------
/opt/airflow/dags/cbr_daily_to_raw.py    164  0.16s             0           0
================================================================================
[2025-11-23T14:06:58.547+0000] {manager.py:878} INFO - 
================================================================================
DAG File Processing Stats

File Path                              PID    Runtime      # DAGs    # Errors  Last Runtime    Last Run
-------------------------------------  -----  ---------  --------  ----------  --------------  -------------------
/opt/airflow/dags/cbr_daily_to_raw.py                           1           0  0.91s           2025-11-23T14:06:29
================================================================================
[2025-11-23T14:07:29.021+0000] {manager.py:878} INFO - 
================================================================================
DAG File Processing Stats

File Path                              PID    Runtime      # DAGs    # Errors  Last Runtime    Last Run
-------------------------------------  -----  ---------  --------  ----------  --------------  -------------------
/opt/airflow/dags/cbr_daily_to_raw.py                           1           0  0.48s           2025-11-23T14:07:00
================================================================================
[2025-11-23T14:07:59.707+0000] {manager.py:878} INFO - 
================================================================================
DAG File Processing Stats

File Path                              PID    Runtime      # DAGs    # Errors  Last Runtime    Last Run
-------------------------------------  -----  ---------  --------  ----------  --------------  -------------------
/opt/airflow/dags/cbr_daily_to_raw.py                           1           0  0.21s           2025-11-23T14:07:30
================================================================================
[2025-11-23T14:08:30.219+0000] {manager.py:878} INFO - 
================================================================================
DAG File Processing Stats

File Path                              PID    Runtime      # DAGs    # Errors  Last Runtime    Last Run
-------------------------------------  -----  ---------  --------  ----------  --------------  -------------------
/opt/airflow/dags/cbr_daily_to_raw.py                           1           0  0.19s           2025-11-23T14:08:00
================================================================================
[2025-11-23T14:09:00.530+0000] {manager.py:878} INFO - 
================================================================================
DAG File Processing Stats

File Path                              PID    Runtime      # DAGs    # Errors  Last Runtime    Last Run
-------------------------------------  -----  ---------  --------  ----------  --------------  -------------------
/opt/airflow/dags/cbr_daily_to_raw.py                           1           0  0.18s           2025-11-23T14:08:31
================================================================================
[2025-11-23T14:09:31.042+0000] {manager.py:878} INFO - 
================================================================================
DAG File Processing Stats

File Path                              PID    Runtime      # DAGs    # Errors  Last Runtime    Last Run
-------------------------------------  -----  ---------  --------  ----------  --------------  -------------------
/opt/airflow/dags/cbr_daily_to_raw.py                           1           0  0.18s           2025-11-23T14:09:01
================================================================================
[2025-11-23T14:10:01.367+0000] {manager.py:878} INFO - 
================================================================================
DAG File Processing Stats

File Path                              PID    Runtime      # DAGs    # Errors  Last Runtime    Last Run
-------------------------------------  -----  ---------  --------  ----------  --------------  -------------------
/opt/airflow/dags/cbr_daily_to_raw.py                           1           0  0.18s           2025-11-23T14:09:32
================================================================================
[2025-11-23T14:10:31.758+0000] {manager.py:878} INFO - 
================================================================================
DAG File Processing Stats

File Path                              PID    Runtime      # DAGs    # Errors  Last Runtime    Last Run
-------------------------------------  -----  ---------  --------  ----------  --------------  -------------------
/opt/airflow/dags/cbr_daily_to_raw.py                           1           0  0.19s           2025-11-23T14:10:02
================================================================================
[2025-11-23T14:11:02.504+0000] {manager.py:878} INFO - 
================================================================================
DAG File Processing Stats

File Path                              PID    Runtime      # DAGs    # Errors  Last Runtime    Last Run
-------------------------------------  -----  ---------  --------  ----------  --------------  -------------------
/opt/airflow/dags/cbr_daily_to_raw.py                           1           0  3.41s           2025-11-23T14:10:36
================================================================================
[2025-11-23T14:11:28.006+0000] {manager.py:737} INFO - Searching for files in /opt/airflow/dags
[2025-11-23T14:11:28.069+0000] {manager.py:740} INFO - There are 1 files in /opt/airflow/dags
[2025-11-23T14:11:33.171+0000] {manager.py:878} INFO - 
================================================================================
DAG File Processing Stats

File Path                              PID    Runtime      # DAGs    # Errors  Last Runtime    Last Run
-------------------------------------  -----  ---------  --------  ----------  --------------  -------------------
/opt/airflow/dags/cbr_daily_to_raw.py                           1           0  0.34s           2025-11-23T14:11:06
================================================================================
[2025-11-23T14:12:03.487+0000] {manager.py:878} INFO - 
================================================================================
DAG File Processing Stats

File Path                              PID    Runtime      # DAGs    # Errors  Last Runtime    Last Run
-------------------------------------  -----  ---------  --------  ----------  --------------  -------------------
/opt/airflow/dags/cbr_daily_to_raw.py                           1           0  0.20s           2025-11-23T14:11:37
================================================================================
[2025-11-23T14:12:33.533+0000] {manager.py:878} INFO - 
================================================================================
DAG File Processing Stats

File Path                              PID    Runtime      # DAGs    # Errors  Last Runtime    Last Run
-------------------------------------  -----  ---------  --------  ----------  --------------  -------------------
/opt/airflow/dags/cbr_daily_to_raw.py                           1           0  0.22s           2025-11-23T14:12:07
================================================================================
[2025-11-23T14:13:04.036+0000] {manager.py:878} INFO - 
================================================================================
DAG File Processing Stats

File Path                              PID    Runtime      # DAGs    # Errors  Last Runtime    Last Run
-------------------------------------  -----  ---------  --------  ----------  --------------  -------------------
/opt/airflow/dags/cbr_daily_to_raw.py                           1           0  0.20s           2025-11-23T14:12:38
================================================================================
[2025-11-23T14:13:34.397+0000] {manager.py:878} INFO - 
================================================================================
DAG File Processing Stats

File Path                              PID    Runtime      # DAGs    # Errors  Last Runtime    Last Run
-------------------------------------  -----  ---------  --------  ----------  --------------  -------------------
/opt/airflow/dags/cbr_daily_to_raw.py                           1           0  0.23s           2025-11-23T14:13:09
================================================================================
[2025-11-23T14:14:44.672+0000] {manager.py:470} INFO - Processing files using up to 2 processes at a time 
[2025-11-23T14:14:44.684+0000] {manager.py:471} INFO - Process each file at most once every 30 seconds
[2025-11-23T14:14:44.688+0000] {manager.py:472} INFO - Checking for new files in /opt/airflow/dags every 300 seconds
[2025-11-23T14:14:44.692+0000] {manager.py:737} INFO - Searching for files in /opt/airflow/dags
[2025-11-23T14:14:44.808+0000] {manager.py:740} INFO - There are 1 files in /opt/airflow/dags
[2025-11-23T14:14:45.980+0000] {manager.py:878} INFO - 
================================================================================
DAG File Processing Stats

File Path                                PID  Runtime      # DAGs    # Errors  Last Runtime    Last Run
-------------------------------------  -----  ---------  --------  ----------  --------------  ----------
/opt/airflow/dags/cbr_daily_to_raw.py    164  0.38s             0           0
================================================================================
[2025-11-23T14:15:16.300+0000] {manager.py:878} INFO - 
================================================================================
DAG File Processing Stats

File Path                              PID    Runtime      # DAGs    # Errors  Last Runtime    Last Run
-------------------------------------  -----  ---------  --------  ----------  --------------  -------------------
/opt/airflow/dags/cbr_daily_to_raw.py                           1           0  2.80s           2025-11-23T14:14:48
================================================================================
[2025-11-23T14:15:46.903+0000] {manager.py:878} INFO - 
================================================================================
DAG File Processing Stats

File Path                              PID    Runtime      # DAGs    # Errors  Last Runtime    Last Run
-------------------------------------  -----  ---------  --------  ----------  --------------  -------------------
/opt/airflow/dags/cbr_daily_to_raw.py                           1           0  0.33s           2025-11-23T14:15:19
================================================================================
[2025-11-23T14:17:55.048+0000] {manager.py:470} INFO - Processing files using up to 2 processes at a time 
[2025-11-23T14:17:55.051+0000] {manager.py:471} INFO - Process each file at most once every 30 seconds
[2025-11-23T14:17:55.055+0000] {manager.py:472} INFO - Checking for new files in /opt/airflow/dags every 300 seconds
[2025-11-23T14:17:55.063+0000] {manager.py:737} INFO - Searching for files in /opt/airflow/dags
[2025-11-23T14:17:55.128+0000] {manager.py:740} INFO - There are 1 files in /opt/airflow/dags
[2025-11-23T14:17:55.624+0000] {manager.py:878} INFO - 
================================================================================
DAG File Processing Stats

File Path                                PID  Runtime      # DAGs    # Errors  Last Runtime    Last Run
-------------------------------------  -----  ---------  --------  ----------  --------------  ----------
/opt/airflow/dags/cbr_daily_to_raw.py    164  0.10s             0           0
================================================================================
[2025-11-23T14:18:25.879+0000] {manager.py:878} INFO - 
================================================================================
DAG File Processing Stats

File Path                              PID    Runtime      # DAGs    # Errors  Last Runtime    Last Run
-------------------------------------  -----  ---------  --------  ----------  --------------  -------------------
/opt/airflow/dags/cbr_daily_to_raw.py                           1           0  0.36s           2025-11-23T14:17:55
================================================================================
[2025-11-23T14:18:56.525+0000] {manager.py:878} INFO - 
================================================================================
DAG File Processing Stats

File Path                                PID  Runtime      # DAGs    # Errors  Last Runtime    Last Run
-------------------------------------  -----  ---------  --------  ----------  --------------  -------------------
/opt/airflow/dags/cbr_daily_to_raw.py    216  0.02s             1           0  0.29s           2025-11-23T14:18:26
================================================================================
[2025-11-23T14:19:26.934+0000] {manager.py:878} INFO - 
================================================================================
DAG File Processing Stats

File Path                              PID    Runtime      # DAGs    # Errors  Last Runtime    Last Run
-------------------------------------  -----  ---------  --------  ----------  --------------  -------------------
/opt/airflow/dags/cbr_daily_to_raw.py                           1           0  1.08s           2025-11-23T14:18:57
================================================================================
[2025-11-23T14:19:57.215+0000] {manager.py:878} INFO - 
================================================================================
DAG File Processing Stats

File Path                              PID    Runtime      # DAGs    # Errors  Last Runtime    Last Run
-------------------------------------  -----  ---------  --------  ----------  --------------  -------------------
/opt/airflow/dags/cbr_daily_to_raw.py                           1           0  0.18s           2025-11-23T14:19:28
================================================================================
[2025-11-23T14:20:27.699+0000] {manager.py:878} INFO - 
================================================================================
DAG File Processing Stats

File Path                              PID    Runtime      # DAGs    # Errors  Last Runtime    Last Run
-------------------------------------  -----  ---------  --------  ----------  --------------  -------------------
/opt/airflow/dags/cbr_daily_to_raw.py                           1           0  0.20s           2025-11-23T14:19:58
================================================================================
[2025-11-23T14:20:58.029+0000] {manager.py:878} INFO - 
================================================================================
DAG File Processing Stats

File Path                              PID    Runtime      # DAGs    # Errors  Last Runtime    Last Run
-------------------------------------  -----  ---------  --------  ----------  --------------  -------------------
/opt/airflow/dags/cbr_daily_to_raw.py                           1           0  0.17s           2025-11-23T14:20:28
================================================================================
[2025-11-23T14:21:28.456+0000] {manager.py:878} INFO - 
================================================================================
DAG File Processing Stats

File Path                              PID    Runtime      # DAGs    # Errors  Last Runtime    Last Run
-------------------------------------  -----  ---------  --------  ----------  --------------  -------------------
/opt/airflow/dags/cbr_daily_to_raw.py                           1           0  0.19s           2025-11-23T14:20:59
================================================================================
[2025-11-23T14:21:58.751+0000] {manager.py:878} INFO - 
================================================================================
DAG File Processing Stats

File Path                              PID    Runtime      # DAGs    # Errors  Last Runtime    Last Run
-------------------------------------  -----  ---------  --------  ----------  --------------  -------------------
/opt/airflow/dags/cbr_daily_to_raw.py                           1           0  0.25s           2025-11-23T14:21:29
================================================================================
[2025-11-23T14:22:29.192+0000] {manager.py:878} INFO - 
================================================================================
DAG File Processing Stats

File Path                              PID    Runtime      # DAGs    # Errors  Last Runtime    Last Run
-------------------------------------  -----  ---------  --------  ----------  --------------  -------------------
/opt/airflow/dags/cbr_daily_to_raw.py                           1           0  0.56s           2025-11-23T14:22:22
================================================================================
[2025-11-23T14:22:55.149+0000] {manager.py:737} INFO - Searching for files in /opt/airflow/dags
[2025-11-23T14:22:55.185+0000] {manager.py:740} INFO - There are 1 files in /opt/airflow/dags
[2025-11-23T14:22:59.219+0000] {manager.py:878} INFO - 
================================================================================
DAG File Processing Stats

File Path                              PID    Runtime      # DAGs    # Errors  Last Runtime    Last Run
-------------------------------------  -----  ---------  --------  ----------  --------------  -------------------
/opt/airflow/dags/cbr_daily_to_raw.py                           1           0  0.25s           2025-11-23T14:22:53
================================================================================
