[2025-11-23T13:35:17.505+0000] {processor.py:161} INFO - Started process (PID=164) to work on /opt/airflow/dags/cbr_daily_to_raw.py
[2025-11-23T13:35:17.509+0000] {processor.py:830} INFO - Processing file /opt/airflow/dags/cbr_daily_to_raw.py for tasks to queue
[2025-11-23T13:35:17.518+0000] {logging_mixin.py:188} INFO - [2025-11-23T13:35:17.516+0000] {dagbag.py:545} INFO - Filling up the DagBag from /opt/airflow/dags/cbr_daily_to_raw.py
[2025-11-23T13:35:17.595+0000] {logging_mixin.py:188} INFO - [2025-11-23T13:35:17.583+0000] {dagbag.py:355} ERROR - Failed to import: /opt/airflow/dags/cbr_daily_to_raw.py
Traceback (most recent call last):
  File "/home/airflow/.local/lib/python3.12/site-packages/airflow/models/dagbag.py", line 351, in parse
    loader.exec_module(new_module)
  File "<frozen importlib._bootstrap_external>", line 995, in exec_module
  File "<frozen importlib._bootstrap>", line 488, in _call_with_frames_removed
  File "/opt/airflow/dags/cbr_daily_to_raw.py", line 8, in <module>
    from airflow.decorators import task, get_current_context
ImportError: cannot import name 'get_current_context' from 'airflow.decorators' (/home/airflow/.local/lib/python3.12/site-packages/airflow/decorators/__init__.py)
[2025-11-23T13:35:17.600+0000] {processor.py:842} WARNING - No viable dags retrieved from /opt/airflow/dags/cbr_daily_to_raw.py
[2025-11-23T13:35:17.690+0000] {processor.py:183} INFO - Processing /opt/airflow/dags/cbr_daily_to_raw.py took 0.220 seconds
[2025-11-23T13:35:47.961+0000] {processor.py:161} INFO - Started process (PID=169) to work on /opt/airflow/dags/cbr_daily_to_raw.py
[2025-11-23T13:35:47.963+0000] {processor.py:830} INFO - Processing file /opt/airflow/dags/cbr_daily_to_raw.py for tasks to queue
[2025-11-23T13:35:47.970+0000] {logging_mixin.py:188} INFO - [2025-11-23T13:35:47.970+0000] {dagbag.py:545} INFO - Filling up the DagBag from /opt/airflow/dags/cbr_daily_to_raw.py
[2025-11-23T13:35:48.004+0000] {logging_mixin.py:188} INFO - [2025-11-23T13:35:47.995+0000] {dagbag.py:355} ERROR - Failed to import: /opt/airflow/dags/cbr_daily_to_raw.py
Traceback (most recent call last):
  File "/home/airflow/.local/lib/python3.12/site-packages/airflow/models/dagbag.py", line 351, in parse
    loader.exec_module(new_module)
  File "<frozen importlib._bootstrap_external>", line 995, in exec_module
  File "<frozen importlib._bootstrap>", line 488, in _call_with_frames_removed
  File "/opt/airflow/dags/cbr_daily_to_raw.py", line 8, in <module>
    from airflow.decorators import task, get_current_context
ImportError: cannot import name 'get_current_context' from 'airflow.decorators' (/home/airflow/.local/lib/python3.12/site-packages/airflow/decorators/__init__.py)
[2025-11-23T13:35:48.008+0000] {processor.py:842} WARNING - No viable dags retrieved from /opt/airflow/dags/cbr_daily_to_raw.py
[2025-11-23T13:35:48.061+0000] {processor.py:183} INFO - Processing /opt/airflow/dags/cbr_daily_to_raw.py took 0.108 seconds
[2025-11-23T13:36:18.262+0000] {processor.py:161} INFO - Started process (PID=174) to work on /opt/airflow/dags/cbr_daily_to_raw.py
[2025-11-23T13:36:18.263+0000] {processor.py:830} INFO - Processing file /opt/airflow/dags/cbr_daily_to_raw.py for tasks to queue
[2025-11-23T13:36:18.266+0000] {logging_mixin.py:188} INFO - [2025-11-23T13:36:18.266+0000] {dagbag.py:545} INFO - Filling up the DagBag from /opt/airflow/dags/cbr_daily_to_raw.py
[2025-11-23T13:36:18.290+0000] {logging_mixin.py:188} INFO - [2025-11-23T13:36:18.284+0000] {dagbag.py:355} ERROR - Failed to import: /opt/airflow/dags/cbr_daily_to_raw.py
Traceback (most recent call last):
  File "/home/airflow/.local/lib/python3.12/site-packages/airflow/models/dagbag.py", line 351, in parse
    loader.exec_module(new_module)
  File "<frozen importlib._bootstrap_external>", line 995, in exec_module
  File "<frozen importlib._bootstrap>", line 488, in _call_with_frames_removed
  File "/opt/airflow/dags/cbr_daily_to_raw.py", line 8, in <module>
    from airflow.decorators import task, get_current_context
ImportError: cannot import name 'get_current_context' from 'airflow.decorators' (/home/airflow/.local/lib/python3.12/site-packages/airflow/decorators/__init__.py)
[2025-11-23T13:36:18.293+0000] {processor.py:842} WARNING - No viable dags retrieved from /opt/airflow/dags/cbr_daily_to_raw.py
[2025-11-23T13:36:18.325+0000] {processor.py:183} INFO - Processing /opt/airflow/dags/cbr_daily_to_raw.py took 0.071 seconds
[2025-11-23T13:36:48.637+0000] {processor.py:161} INFO - Started process (PID=179) to work on /opt/airflow/dags/cbr_daily_to_raw.py
[2025-11-23T13:36:48.639+0000] {processor.py:830} INFO - Processing file /opt/airflow/dags/cbr_daily_to_raw.py for tasks to queue
[2025-11-23T13:36:48.643+0000] {logging_mixin.py:188} INFO - [2025-11-23T13:36:48.642+0000] {dagbag.py:545} INFO - Filling up the DagBag from /opt/airflow/dags/cbr_daily_to_raw.py
[2025-11-23T13:36:48.672+0000] {logging_mixin.py:188} INFO - [2025-11-23T13:36:48.666+0000] {dagbag.py:355} ERROR - Failed to import: /opt/airflow/dags/cbr_daily_to_raw.py
Traceback (most recent call last):
  File "/home/airflow/.local/lib/python3.12/site-packages/airflow/models/dagbag.py", line 351, in parse
    loader.exec_module(new_module)
  File "<frozen importlib._bootstrap_external>", line 995, in exec_module
  File "<frozen importlib._bootstrap>", line 488, in _call_with_frames_removed
  File "/opt/airflow/dags/cbr_daily_to_raw.py", line 8, in <module>
    from airflow.decorators import task, get_current_context
ImportError: cannot import name 'get_current_context' from 'airflow.decorators' (/home/airflow/.local/lib/python3.12/site-packages/airflow/decorators/__init__.py)
[2025-11-23T13:36:48.676+0000] {processor.py:842} WARNING - No viable dags retrieved from /opt/airflow/dags/cbr_daily_to_raw.py
[2025-11-23T13:36:48.712+0000] {processor.py:183} INFO - Processing /opt/airflow/dags/cbr_daily_to_raw.py took 0.083 seconds
[2025-11-23T13:37:18.973+0000] {processor.py:161} INFO - Started process (PID=184) to work on /opt/airflow/dags/cbr_daily_to_raw.py
[2025-11-23T13:37:18.974+0000] {processor.py:830} INFO - Processing file /opt/airflow/dags/cbr_daily_to_raw.py for tasks to queue
[2025-11-23T13:37:18.977+0000] {logging_mixin.py:188} INFO - [2025-11-23T13:37:18.977+0000] {dagbag.py:545} INFO - Filling up the DagBag from /opt/airflow/dags/cbr_daily_to_raw.py
[2025-11-23T13:37:19.000+0000] {logging_mixin.py:188} INFO - [2025-11-23T13:37:18.995+0000] {dagbag.py:355} ERROR - Failed to import: /opt/airflow/dags/cbr_daily_to_raw.py
Traceback (most recent call last):
  File "/home/airflow/.local/lib/python3.12/site-packages/airflow/models/dagbag.py", line 351, in parse
    loader.exec_module(new_module)
  File "<frozen importlib._bootstrap_external>", line 995, in exec_module
  File "<frozen importlib._bootstrap>", line 488, in _call_with_frames_removed
  File "/opt/airflow/dags/cbr_daily_to_raw.py", line 8, in <module>
    from airflow.decorators import task, get_current_context
ImportError: cannot import name 'get_current_context' from 'airflow.decorators' (/home/airflow/.local/lib/python3.12/site-packages/airflow/decorators/__init__.py)
[2025-11-23T13:37:19.003+0000] {processor.py:842} WARNING - No viable dags retrieved from /opt/airflow/dags/cbr_daily_to_raw.py
[2025-11-23T13:37:19.035+0000] {processor.py:183} INFO - Processing /opt/airflow/dags/cbr_daily_to_raw.py took 0.069 seconds
[2025-11-23T13:37:49.283+0000] {processor.py:161} INFO - Started process (PID=189) to work on /opt/airflow/dags/cbr_daily_to_raw.py
[2025-11-23T13:37:49.284+0000] {processor.py:830} INFO - Processing file /opt/airflow/dags/cbr_daily_to_raw.py for tasks to queue
[2025-11-23T13:37:49.287+0000] {logging_mixin.py:188} INFO - [2025-11-23T13:37:49.286+0000] {dagbag.py:545} INFO - Filling up the DagBag from /opt/airflow/dags/cbr_daily_to_raw.py
[2025-11-23T13:37:49.308+0000] {logging_mixin.py:188} INFO - [2025-11-23T13:37:49.303+0000] {dagbag.py:355} ERROR - Failed to import: /opt/airflow/dags/cbr_daily_to_raw.py
Traceback (most recent call last):
  File "/home/airflow/.local/lib/python3.12/site-packages/airflow/models/dagbag.py", line 351, in parse
    loader.exec_module(new_module)
  File "<frozen importlib._bootstrap_external>", line 995, in exec_module
  File "<frozen importlib._bootstrap>", line 488, in _call_with_frames_removed
  File "/opt/airflow/dags/cbr_daily_to_raw.py", line 8, in <module>
    from airflow.decorators import task, get_current_context
ImportError: cannot import name 'get_current_context' from 'airflow.decorators' (/home/airflow/.local/lib/python3.12/site-packages/airflow/decorators/__init__.py)
[2025-11-23T13:37:49.311+0000] {processor.py:842} WARNING - No viable dags retrieved from /opt/airflow/dags/cbr_daily_to_raw.py
[2025-11-23T13:37:49.345+0000] {processor.py:183} INFO - Processing /opt/airflow/dags/cbr_daily_to_raw.py took 0.069 seconds
[2025-11-23T13:38:19.689+0000] {processor.py:161} INFO - Started process (PID=194) to work on /opt/airflow/dags/cbr_daily_to_raw.py
[2025-11-23T13:38:19.691+0000] {processor.py:830} INFO - Processing file /opt/airflow/dags/cbr_daily_to_raw.py for tasks to queue
[2025-11-23T13:38:19.694+0000] {logging_mixin.py:188} INFO - [2025-11-23T13:38:19.693+0000] {dagbag.py:545} INFO - Filling up the DagBag from /opt/airflow/dags/cbr_daily_to_raw.py
[2025-11-23T13:38:19.721+0000] {logging_mixin.py:188} INFO - [2025-11-23T13:38:19.715+0000] {dagbag.py:355} ERROR - Failed to import: /opt/airflow/dags/cbr_daily_to_raw.py
Traceback (most recent call last):
  File "/home/airflow/.local/lib/python3.12/site-packages/airflow/models/dagbag.py", line 351, in parse
    loader.exec_module(new_module)
  File "<frozen importlib._bootstrap_external>", line 995, in exec_module
  File "<frozen importlib._bootstrap>", line 488, in _call_with_frames_removed
  File "/opt/airflow/dags/cbr_daily_to_raw.py", line 8, in <module>
    from airflow.decorators import task, get_current_context
ImportError: cannot import name 'get_current_context' from 'airflow.decorators' (/home/airflow/.local/lib/python3.12/site-packages/airflow/decorators/__init__.py)
[2025-11-23T13:38:19.724+0000] {processor.py:842} WARNING - No viable dags retrieved from /opt/airflow/dags/cbr_daily_to_raw.py
[2025-11-23T13:38:19.752+0000] {processor.py:183} INFO - Processing /opt/airflow/dags/cbr_daily_to_raw.py took 0.072 seconds
[2025-11-23T13:38:49.954+0000] {processor.py:161} INFO - Started process (PID=199) to work on /opt/airflow/dags/cbr_daily_to_raw.py
[2025-11-23T13:38:49.955+0000] {processor.py:830} INFO - Processing file /opt/airflow/dags/cbr_daily_to_raw.py for tasks to queue
[2025-11-23T13:38:49.958+0000] {logging_mixin.py:188} INFO - [2025-11-23T13:38:49.958+0000] {dagbag.py:545} INFO - Filling up the DagBag from /opt/airflow/dags/cbr_daily_to_raw.py
[2025-11-23T13:38:49.988+0000] {logging_mixin.py:188} INFO - [2025-11-23T13:38:49.981+0000] {dagbag.py:355} ERROR - Failed to import: /opt/airflow/dags/cbr_daily_to_raw.py
Traceback (most recent call last):
  File "/home/airflow/.local/lib/python3.12/site-packages/airflow/models/dagbag.py", line 351, in parse
    loader.exec_module(new_module)
  File "<frozen importlib._bootstrap_external>", line 995, in exec_module
  File "<frozen importlib._bootstrap>", line 488, in _call_with_frames_removed
  File "/opt/airflow/dags/cbr_daily_to_raw.py", line 8, in <module>
    from airflow.decorators import task, get_current_context
ImportError: cannot import name 'get_current_context' from 'airflow.decorators' (/home/airflow/.local/lib/python3.12/site-packages/airflow/decorators/__init__.py)
[2025-11-23T13:38:49.992+0000] {processor.py:842} WARNING - No viable dags retrieved from /opt/airflow/dags/cbr_daily_to_raw.py
[2025-11-23T13:38:50.022+0000] {processor.py:183} INFO - Processing /opt/airflow/dags/cbr_daily_to_raw.py took 0.075 seconds
[2025-11-23T13:39:20.406+0000] {processor.py:161} INFO - Started process (PID=204) to work on /opt/airflow/dags/cbr_daily_to_raw.py
[2025-11-23T13:39:20.408+0000] {processor.py:830} INFO - Processing file /opt/airflow/dags/cbr_daily_to_raw.py for tasks to queue
[2025-11-23T13:39:20.413+0000] {logging_mixin.py:188} INFO - [2025-11-23T13:39:20.413+0000] {dagbag.py:545} INFO - Filling up the DagBag from /opt/airflow/dags/cbr_daily_to_raw.py
[2025-11-23T13:39:20.435+0000] {logging_mixin.py:188} INFO - [2025-11-23T13:39:20.429+0000] {dagbag.py:355} ERROR - Failed to import: /opt/airflow/dags/cbr_daily_to_raw.py
Traceback (most recent call last):
  File "/home/airflow/.local/lib/python3.12/site-packages/airflow/models/dagbag.py", line 351, in parse
    loader.exec_module(new_module)
  File "<frozen importlib._bootstrap_external>", line 995, in exec_module
  File "<frozen importlib._bootstrap>", line 488, in _call_with_frames_removed
  File "/opt/airflow/dags/cbr_daily_to_raw.py", line 8, in <module>
    from airflow.decorators import task, get_current_context
ImportError: cannot import name 'get_current_context' from 'airflow.decorators' (/home/airflow/.local/lib/python3.12/site-packages/airflow/decorators/__init__.py)
[2025-11-23T13:39:20.437+0000] {processor.py:842} WARNING - No viable dags retrieved from /opt/airflow/dags/cbr_daily_to_raw.py
[2025-11-23T13:39:20.464+0000] {processor.py:183} INFO - Processing /opt/airflow/dags/cbr_daily_to_raw.py took 0.065 seconds
[2025-11-23T13:39:50.764+0000] {processor.py:161} INFO - Started process (PID=209) to work on /opt/airflow/dags/cbr_daily_to_raw.py
[2025-11-23T13:39:50.765+0000] {processor.py:830} INFO - Processing file /opt/airflow/dags/cbr_daily_to_raw.py for tasks to queue
[2025-11-23T13:39:50.767+0000] {logging_mixin.py:188} INFO - [2025-11-23T13:39:50.767+0000] {dagbag.py:545} INFO - Filling up the DagBag from /opt/airflow/dags/cbr_daily_to_raw.py
[2025-11-23T13:39:50.787+0000] {logging_mixin.py:188} INFO - [2025-11-23T13:39:50.782+0000] {dagbag.py:355} ERROR - Failed to import: /opt/airflow/dags/cbr_daily_to_raw.py
Traceback (most recent call last):
  File "/home/airflow/.local/lib/python3.12/site-packages/airflow/models/dagbag.py", line 351, in parse
    loader.exec_module(new_module)
  File "<frozen importlib._bootstrap_external>", line 995, in exec_module
  File "<frozen importlib._bootstrap>", line 488, in _call_with_frames_removed
  File "/opt/airflow/dags/cbr_daily_to_raw.py", line 8, in <module>
    from airflow.decorators import task, get_current_context
ImportError: cannot import name 'get_current_context' from 'airflow.decorators' (/home/airflow/.local/lib/python3.12/site-packages/airflow/decorators/__init__.py)
[2025-11-23T13:39:50.789+0000] {processor.py:842} WARNING - No viable dags retrieved from /opt/airflow/dags/cbr_daily_to_raw.py
[2025-11-23T13:39:50.818+0000] {processor.py:183} INFO - Processing /opt/airflow/dags/cbr_daily_to_raw.py took 0.061 seconds
[2025-11-23T13:40:00.849+0000] {processor.py:161} INFO - Started process (PID=214) to work on /opt/airflow/dags/cbr_daily_to_raw.py
[2025-11-23T13:40:00.850+0000] {processor.py:830} INFO - Processing file /opt/airflow/dags/cbr_daily_to_raw.py for tasks to queue
[2025-11-23T13:40:00.852+0000] {logging_mixin.py:188} INFO - [2025-11-23T13:40:00.852+0000] {dagbag.py:545} INFO - Filling up the DagBag from /opt/airflow/dags/cbr_daily_to_raw.py
[2025-11-23T13:40:00.893+0000] {processor.py:840} INFO - DAG(s) 'cbr_daily_to_raw' retrieved from /opt/airflow/dags/cbr_daily_to_raw.py
[2025-11-23T13:40:01.256+0000] {logging_mixin.py:188} INFO - [2025-11-23T13:40:01.256+0000] {override.py:1829} INFO - Created Permission View: can delete on DAG:cbr_daily_to_raw
[2025-11-23T13:40:01.274+0000] {logging_mixin.py:188} INFO - [2025-11-23T13:40:01.274+0000] {override.py:1829} INFO - Created Permission View: can read on DAG:cbr_daily_to_raw
[2025-11-23T13:40:01.284+0000] {logging_mixin.py:188} INFO - [2025-11-23T13:40:01.283+0000] {override.py:1829} INFO - Created Permission View: can edit on DAG:cbr_daily_to_raw
[2025-11-23T13:40:01.284+0000] {logging_mixin.py:188} INFO - [2025-11-23T13:40:01.284+0000] {dag.py:3096} INFO - Sync 1 DAGs
[2025-11-23T13:40:01.315+0000] {logging_mixin.py:188} INFO - [2025-11-23T13:40:01.315+0000] {dag.py:3118} INFO - Creating ORM DAG for cbr_daily_to_raw
[2025-11-23T13:40:01.351+0000] {logging_mixin.py:188} INFO - [2025-11-23T13:40:01.351+0000] {dag.py:3954} INFO - Setting next_dagrun for cbr_daily_to_raw to 2025-11-22 00:00:00+00:00, run_after=2025-11-23 00:00:00+00:00
[2025-11-23T13:40:01.387+0000] {processor.py:183} INFO - Processing /opt/airflow/dags/cbr_daily_to_raw.py took 0.545 seconds
[2025-11-23T13:40:28.430+0000] {processor.py:161} INFO - Started process (PID=164) to work on /opt/airflow/dags/cbr_daily_to_raw.py
[2025-11-23T13:40:28.432+0000] {processor.py:830} INFO - Processing file /opt/airflow/dags/cbr_daily_to_raw.py for tasks to queue
[2025-11-23T13:40:28.436+0000] {logging_mixin.py:188} INFO - [2025-11-23T13:40:28.435+0000] {dagbag.py:545} INFO - Filling up the DagBag from /opt/airflow/dags/cbr_daily_to_raw.py
[2025-11-23T13:40:28.466+0000] {processor.py:840} INFO - DAG(s) 'cbr_daily_to_raw' retrieved from /opt/airflow/dags/cbr_daily_to_raw.py
[2025-11-23T13:40:28.519+0000] {logging_mixin.py:188} INFO - [2025-11-23T13:40:28.518+0000] {dag.py:3096} INFO - Sync 1 DAGs
[2025-11-23T13:40:28.561+0000] {logging_mixin.py:188} INFO - [2025-11-23T13:40:28.561+0000] {dag.py:3954} INFO - Setting next_dagrun for cbr_daily_to_raw to 2025-11-22 00:00:00+00:00, run_after=2025-11-23 00:00:00+00:00
[2025-11-23T13:40:28.593+0000] {processor.py:183} INFO - Processing /opt/airflow/dags/cbr_daily_to_raw.py took 0.175 seconds
[2025-11-23T13:40:58.729+0000] {processor.py:161} INFO - Started process (PID=171) to work on /opt/airflow/dags/cbr_daily_to_raw.py
[2025-11-23T13:40:58.730+0000] {processor.py:830} INFO - Processing file /opt/airflow/dags/cbr_daily_to_raw.py for tasks to queue
[2025-11-23T13:40:58.733+0000] {logging_mixin.py:188} INFO - [2025-11-23T13:40:58.732+0000] {dagbag.py:545} INFO - Filling up the DagBag from /opt/airflow/dags/cbr_daily_to_raw.py
[2025-11-23T13:40:58.766+0000] {processor.py:840} INFO - DAG(s) 'cbr_daily_to_raw' retrieved from /opt/airflow/dags/cbr_daily_to_raw.py
[2025-11-23T13:40:58.811+0000] {logging_mixin.py:188} INFO - [2025-11-23T13:40:58.810+0000] {dag.py:3096} INFO - Sync 1 DAGs
[2025-11-23T13:40:58.841+0000] {logging_mixin.py:188} INFO - [2025-11-23T13:40:58.841+0000] {dag.py:3954} INFO - Setting next_dagrun for cbr_daily_to_raw to 2025-11-23 00:00:00+00:00, run_after=2025-11-24 00:00:00+00:00
[2025-11-23T13:40:58.871+0000] {processor.py:183} INFO - Processing /opt/airflow/dags/cbr_daily_to_raw.py took 0.149 seconds
[2025-11-23T13:41:28.990+0000] {processor.py:161} INFO - Started process (PID=176) to work on /opt/airflow/dags/cbr_daily_to_raw.py
[2025-11-23T13:41:28.992+0000] {processor.py:830} INFO - Processing file /opt/airflow/dags/cbr_daily_to_raw.py for tasks to queue
[2025-11-23T13:41:28.994+0000] {logging_mixin.py:188} INFO - [2025-11-23T13:41:28.994+0000] {dagbag.py:545} INFO - Filling up the DagBag from /opt/airflow/dags/cbr_daily_to_raw.py
[2025-11-23T13:41:29.023+0000] {processor.py:840} INFO - DAG(s) 'cbr_daily_to_raw' retrieved from /opt/airflow/dags/cbr_daily_to_raw.py
[2025-11-23T13:41:29.070+0000] {logging_mixin.py:188} INFO - [2025-11-23T13:41:29.070+0000] {dag.py:3096} INFO - Sync 1 DAGs
[2025-11-23T13:41:29.099+0000] {logging_mixin.py:188} INFO - [2025-11-23T13:41:29.099+0000] {dag.py:3954} INFO - Setting next_dagrun for cbr_daily_to_raw to 2025-11-23 00:00:00+00:00, run_after=2025-11-24 00:00:00+00:00
[2025-11-23T13:41:29.127+0000] {processor.py:183} INFO - Processing /opt/airflow/dags/cbr_daily_to_raw.py took 0.143 seconds
[2025-11-23T13:41:59.289+0000] {processor.py:161} INFO - Started process (PID=181) to work on /opt/airflow/dags/cbr_daily_to_raw.py
[2025-11-23T13:41:59.291+0000] {processor.py:830} INFO - Processing file /opt/airflow/dags/cbr_daily_to_raw.py for tasks to queue
[2025-11-23T13:41:59.293+0000] {logging_mixin.py:188} INFO - [2025-11-23T13:41:59.293+0000] {dagbag.py:545} INFO - Filling up the DagBag from /opt/airflow/dags/cbr_daily_to_raw.py
[2025-11-23T13:41:59.326+0000] {processor.py:840} INFO - DAG(s) 'cbr_daily_to_raw' retrieved from /opt/airflow/dags/cbr_daily_to_raw.py
[2025-11-23T13:41:59.366+0000] {logging_mixin.py:188} INFO - [2025-11-23T13:41:59.366+0000] {dag.py:3096} INFO - Sync 1 DAGs
[2025-11-23T13:41:59.398+0000] {logging_mixin.py:188} INFO - [2025-11-23T13:41:59.398+0000] {dag.py:3954} INFO - Setting next_dagrun for cbr_daily_to_raw to 2025-11-23 00:00:00+00:00, run_after=2025-11-24 00:00:00+00:00
[2025-11-23T13:41:59.427+0000] {processor.py:183} INFO - Processing /opt/airflow/dags/cbr_daily_to_raw.py took 0.146 seconds
[2025-11-23T13:42:29.630+0000] {processor.py:161} INFO - Started process (PID=186) to work on /opt/airflow/dags/cbr_daily_to_raw.py
[2025-11-23T13:42:29.632+0000] {processor.py:830} INFO - Processing file /opt/airflow/dags/cbr_daily_to_raw.py for tasks to queue
[2025-11-23T13:42:29.634+0000] {logging_mixin.py:188} INFO - [2025-11-23T13:42:29.633+0000] {dagbag.py:545} INFO - Filling up the DagBag from /opt/airflow/dags/cbr_daily_to_raw.py
[2025-11-23T13:42:29.656+0000] {processor.py:840} INFO - DAG(s) 'cbr_daily_to_raw' retrieved from /opt/airflow/dags/cbr_daily_to_raw.py
[2025-11-23T13:42:29.698+0000] {logging_mixin.py:188} INFO - [2025-11-23T13:42:29.697+0000] {dag.py:3096} INFO - Sync 1 DAGs
[2025-11-23T13:42:29.727+0000] {logging_mixin.py:188} INFO - [2025-11-23T13:42:29.727+0000] {dag.py:3954} INFO - Setting next_dagrun for cbr_daily_to_raw to 2025-11-23 00:00:00+00:00, run_after=2025-11-24 00:00:00+00:00
[2025-11-23T13:42:29.753+0000] {processor.py:183} INFO - Processing /opt/airflow/dags/cbr_daily_to_raw.py took 0.129 seconds
[2025-11-23T13:43:00.206+0000] {processor.py:161} INFO - Started process (PID=191) to work on /opt/airflow/dags/cbr_daily_to_raw.py
[2025-11-23T13:43:00.207+0000] {processor.py:830} INFO - Processing file /opt/airflow/dags/cbr_daily_to_raw.py for tasks to queue
[2025-11-23T13:43:00.210+0000] {logging_mixin.py:188} INFO - [2025-11-23T13:43:00.210+0000] {dagbag.py:545} INFO - Filling up the DagBag from /opt/airflow/dags/cbr_daily_to_raw.py
[2025-11-23T13:43:00.237+0000] {processor.py:840} INFO - DAG(s) 'cbr_daily_to_raw' retrieved from /opt/airflow/dags/cbr_daily_to_raw.py
[2025-11-23T13:43:00.283+0000] {logging_mixin.py:188} INFO - [2025-11-23T13:43:00.283+0000] {dag.py:3096} INFO - Sync 1 DAGs
[2025-11-23T13:43:00.314+0000] {logging_mixin.py:188} INFO - [2025-11-23T13:43:00.314+0000] {dag.py:3954} INFO - Setting next_dagrun for cbr_daily_to_raw to 2025-11-23 00:00:00+00:00, run_after=2025-11-24 00:00:00+00:00
[2025-11-23T13:43:00.341+0000] {processor.py:183} INFO - Processing /opt/airflow/dags/cbr_daily_to_raw.py took 0.142 seconds
[2025-11-23T13:43:30.689+0000] {processor.py:161} INFO - Started process (PID=196) to work on /opt/airflow/dags/cbr_daily_to_raw.py
[2025-11-23T13:43:30.691+0000] {processor.py:830} INFO - Processing file /opt/airflow/dags/cbr_daily_to_raw.py for tasks to queue
[2025-11-23T13:43:30.694+0000] {logging_mixin.py:188} INFO - [2025-11-23T13:43:30.693+0000] {dagbag.py:545} INFO - Filling up the DagBag from /opt/airflow/dags/cbr_daily_to_raw.py
[2025-11-23T13:43:30.721+0000] {processor.py:840} INFO - DAG(s) 'cbr_daily_to_raw' retrieved from /opt/airflow/dags/cbr_daily_to_raw.py
[2025-11-23T13:43:30.767+0000] {logging_mixin.py:188} INFO - [2025-11-23T13:43:30.767+0000] {dag.py:3096} INFO - Sync 1 DAGs
[2025-11-23T13:43:30.797+0000] {logging_mixin.py:188} INFO - [2025-11-23T13:43:30.797+0000] {dag.py:3954} INFO - Setting next_dagrun for cbr_daily_to_raw to 2025-11-23 00:00:00+00:00, run_after=2025-11-24 00:00:00+00:00
[2025-11-23T13:43:30.821+0000] {processor.py:183} INFO - Processing /opt/airflow/dags/cbr_daily_to_raw.py took 0.138 seconds
[2025-11-23T13:44:00.936+0000] {processor.py:161} INFO - Started process (PID=201) to work on /opt/airflow/dags/cbr_daily_to_raw.py
[2025-11-23T13:44:00.937+0000] {processor.py:830} INFO - Processing file /opt/airflow/dags/cbr_daily_to_raw.py for tasks to queue
[2025-11-23T13:44:00.939+0000] {logging_mixin.py:188} INFO - [2025-11-23T13:44:00.938+0000] {dagbag.py:545} INFO - Filling up the DagBag from /opt/airflow/dags/cbr_daily_to_raw.py
[2025-11-23T13:44:00.964+0000] {processor.py:840} INFO - DAG(s) 'cbr_daily_to_raw' retrieved from /opt/airflow/dags/cbr_daily_to_raw.py
[2025-11-23T13:44:01.002+0000] {logging_mixin.py:188} INFO - [2025-11-23T13:44:01.002+0000] {dag.py:3096} INFO - Sync 1 DAGs
[2025-11-23T13:44:01.030+0000] {logging_mixin.py:188} INFO - [2025-11-23T13:44:01.030+0000] {dag.py:3954} INFO - Setting next_dagrun for cbr_daily_to_raw to 2025-11-23 00:00:00+00:00, run_after=2025-11-24 00:00:00+00:00
[2025-11-23T13:44:01.058+0000] {processor.py:183} INFO - Processing /opt/airflow/dags/cbr_daily_to_raw.py took 0.129 seconds
[2025-11-23T13:44:31.395+0000] {processor.py:161} INFO - Started process (PID=206) to work on /opt/airflow/dags/cbr_daily_to_raw.py
[2025-11-23T13:44:31.397+0000] {processor.py:830} INFO - Processing file /opt/airflow/dags/cbr_daily_to_raw.py for tasks to queue
[2025-11-23T13:44:31.400+0000] {logging_mixin.py:188} INFO - [2025-11-23T13:44:31.400+0000] {dagbag.py:545} INFO - Filling up the DagBag from /opt/airflow/dags/cbr_daily_to_raw.py
[2025-11-23T13:44:31.430+0000] {processor.py:840} INFO - DAG(s) 'cbr_daily_to_raw' retrieved from /opt/airflow/dags/cbr_daily_to_raw.py
[2025-11-23T13:44:31.479+0000] {logging_mixin.py:188} INFO - [2025-11-23T13:44:31.479+0000] {dag.py:3096} INFO - Sync 1 DAGs
[2025-11-23T13:44:31.522+0000] {logging_mixin.py:188} INFO - [2025-11-23T13:44:31.522+0000] {dag.py:3954} INFO - Setting next_dagrun for cbr_daily_to_raw to 2025-11-23 00:00:00+00:00, run_after=2025-11-24 00:00:00+00:00
[2025-11-23T13:44:31.560+0000] {processor.py:183} INFO - Processing /opt/airflow/dags/cbr_daily_to_raw.py took 0.176 seconds
[2025-11-23T13:45:01.690+0000] {processor.py:161} INFO - Started process (PID=211) to work on /opt/airflow/dags/cbr_daily_to_raw.py
[2025-11-23T13:45:01.691+0000] {processor.py:830} INFO - Processing file /opt/airflow/dags/cbr_daily_to_raw.py for tasks to queue
[2025-11-23T13:45:01.694+0000] {logging_mixin.py:188} INFO - [2025-11-23T13:45:01.694+0000] {dagbag.py:545} INFO - Filling up the DagBag from /opt/airflow/dags/cbr_daily_to_raw.py
[2025-11-23T13:45:01.725+0000] {processor.py:840} INFO - DAG(s) 'cbr_daily_to_raw' retrieved from /opt/airflow/dags/cbr_daily_to_raw.py
[2025-11-23T13:45:01.777+0000] {logging_mixin.py:188} INFO - [2025-11-23T13:45:01.777+0000] {dag.py:3096} INFO - Sync 1 DAGs
[2025-11-23T13:45:01.824+0000] {logging_mixin.py:188} INFO - [2025-11-23T13:45:01.823+0000] {dag.py:3954} INFO - Setting next_dagrun for cbr_daily_to_raw to 2025-11-23 00:00:00+00:00, run_after=2025-11-24 00:00:00+00:00
[2025-11-23T13:45:01.859+0000] {processor.py:183} INFO - Processing /opt/airflow/dags/cbr_daily_to_raw.py took 0.178 seconds
[2025-11-23T13:45:32.130+0000] {processor.py:161} INFO - Started process (PID=216) to work on /opt/airflow/dags/cbr_daily_to_raw.py
[2025-11-23T13:45:32.131+0000] {processor.py:830} INFO - Processing file /opt/airflow/dags/cbr_daily_to_raw.py for tasks to queue
[2025-11-23T13:45:32.133+0000] {logging_mixin.py:188} INFO - [2025-11-23T13:45:32.133+0000] {dagbag.py:545} INFO - Filling up the DagBag from /opt/airflow/dags/cbr_daily_to_raw.py
[2025-11-23T13:45:32.154+0000] {processor.py:840} INFO - DAG(s) 'cbr_daily_to_raw' retrieved from /opt/airflow/dags/cbr_daily_to_raw.py
[2025-11-23T13:45:32.191+0000] {logging_mixin.py:188} INFO - [2025-11-23T13:45:32.191+0000] {dag.py:3096} INFO - Sync 1 DAGs
[2025-11-23T13:45:32.219+0000] {logging_mixin.py:188} INFO - [2025-11-23T13:45:32.219+0000] {dag.py:3954} INFO - Setting next_dagrun for cbr_daily_to_raw to 2025-11-23 00:00:00+00:00, run_after=2025-11-24 00:00:00+00:00
[2025-11-23T13:45:32.246+0000] {processor.py:183} INFO - Processing /opt/airflow/dags/cbr_daily_to_raw.py took 0.122 seconds
[2025-11-23T13:46:50.548+0000] {processor.py:161} INFO - Started process (PID=163) to work on /opt/airflow/dags/cbr_daily_to_raw.py
[2025-11-23T13:46:50.552+0000] {processor.py:830} INFO - Processing file /opt/airflow/dags/cbr_daily_to_raw.py for tasks to queue
[2025-11-23T13:46:50.558+0000] {logging_mixin.py:188} INFO - [2025-11-23T13:46:50.557+0000] {dagbag.py:545} INFO - Filling up the DagBag from /opt/airflow/dags/cbr_daily_to_raw.py
[2025-11-23T13:46:50.632+0000] {processor.py:840} INFO - DAG(s) 'cbr_daily_to_raw' retrieved from /opt/airflow/dags/cbr_daily_to_raw.py
[2025-11-23T13:46:50.856+0000] {logging_mixin.py:188} INFO - [2025-11-23T13:46:50.855+0000] {dag.py:3096} INFO - Sync 1 DAGs
[2025-11-23T13:46:50.950+0000] {logging_mixin.py:188} INFO - [2025-11-23T13:46:50.949+0000] {dag.py:3954} INFO - Setting next_dagrun for cbr_daily_to_raw to 2025-11-23 00:00:00+00:00, run_after=2025-11-24 00:00:00+00:00
[2025-11-23T13:46:51.020+0000] {processor.py:183} INFO - Processing /opt/airflow/dags/cbr_daily_to_raw.py took 0.499 seconds
[2025-11-23T13:47:21.368+0000] {processor.py:161} INFO - Started process (PID=168) to work on /opt/airflow/dags/cbr_daily_to_raw.py
[2025-11-23T13:47:21.369+0000] {processor.py:830} INFO - Processing file /opt/airflow/dags/cbr_daily_to_raw.py for tasks to queue
[2025-11-23T13:47:21.372+0000] {logging_mixin.py:188} INFO - [2025-11-23T13:47:21.372+0000] {dagbag.py:545} INFO - Filling up the DagBag from /opt/airflow/dags/cbr_daily_to_raw.py
[2025-11-23T13:47:21.408+0000] {processor.py:840} INFO - DAG(s) 'cbr_daily_to_raw' retrieved from /opt/airflow/dags/cbr_daily_to_raw.py
[2025-11-23T13:47:21.458+0000] {logging_mixin.py:188} INFO - [2025-11-23T13:47:21.458+0000] {dag.py:3096} INFO - Sync 1 DAGs
[2025-11-23T13:47:21.495+0000] {logging_mixin.py:188} INFO - [2025-11-23T13:47:21.495+0000] {dag.py:3954} INFO - Setting next_dagrun for cbr_daily_to_raw to 2025-11-23 00:00:00+00:00, run_after=2025-11-24 00:00:00+00:00
[2025-11-23T13:47:21.530+0000] {processor.py:183} INFO - Processing /opt/airflow/dags/cbr_daily_to_raw.py took 0.179 seconds
[2025-11-23T13:47:51.646+0000] {processor.py:161} INFO - Started process (PID=173) to work on /opt/airflow/dags/cbr_daily_to_raw.py
[2025-11-23T13:47:51.647+0000] {processor.py:830} INFO - Processing file /opt/airflow/dags/cbr_daily_to_raw.py for tasks to queue
[2025-11-23T13:47:51.650+0000] {logging_mixin.py:188} INFO - [2025-11-23T13:47:51.650+0000] {dagbag.py:545} INFO - Filling up the DagBag from /opt/airflow/dags/cbr_daily_to_raw.py
[2025-11-23T13:47:51.686+0000] {processor.py:840} INFO - DAG(s) 'cbr_daily_to_raw' retrieved from /opt/airflow/dags/cbr_daily_to_raw.py
[2025-11-23T13:47:51.732+0000] {logging_mixin.py:188} INFO - [2025-11-23T13:47:51.732+0000] {dag.py:3096} INFO - Sync 1 DAGs
[2025-11-23T13:47:51.764+0000] {logging_mixin.py:188} INFO - [2025-11-23T13:47:51.763+0000] {dag.py:3954} INFO - Setting next_dagrun for cbr_daily_to_raw to 2025-11-23 00:00:00+00:00, run_after=2025-11-24 00:00:00+00:00
[2025-11-23T13:47:51.793+0000] {processor.py:183} INFO - Processing /opt/airflow/dags/cbr_daily_to_raw.py took 0.155 seconds
[2025-11-23T13:48:21.963+0000] {processor.py:161} INFO - Started process (PID=178) to work on /opt/airflow/dags/cbr_daily_to_raw.py
[2025-11-23T13:48:21.965+0000] {processor.py:830} INFO - Processing file /opt/airflow/dags/cbr_daily_to_raw.py for tasks to queue
[2025-11-23T13:48:21.970+0000] {logging_mixin.py:188} INFO - [2025-11-23T13:48:21.969+0000] {dagbag.py:545} INFO - Filling up the DagBag from /opt/airflow/dags/cbr_daily_to_raw.py
[2025-11-23T13:48:22.096+0000] {processor.py:840} INFO - DAG(s) 'cbr_daily_to_raw' retrieved from /opt/airflow/dags/cbr_daily_to_raw.py
[2025-11-23T13:48:22.147+0000] {logging_mixin.py:188} INFO - [2025-11-23T13:48:22.146+0000] {dag.py:3096} INFO - Sync 1 DAGs
[2025-11-23T13:48:22.199+0000] {logging_mixin.py:188} INFO - [2025-11-23T13:48:22.198+0000] {dag.py:3954} INFO - Setting next_dagrun for cbr_daily_to_raw to 2025-11-23 00:00:00+00:00, run_after=2025-11-24 00:00:00+00:00
[2025-11-23T13:48:22.232+0000] {processor.py:183} INFO - Processing /opt/airflow/dags/cbr_daily_to_raw.py took 0.283 seconds
[2025-11-23T13:48:52.470+0000] {processor.py:161} INFO - Started process (PID=183) to work on /opt/airflow/dags/cbr_daily_to_raw.py
[2025-11-23T13:48:52.471+0000] {processor.py:830} INFO - Processing file /opt/airflow/dags/cbr_daily_to_raw.py for tasks to queue
[2025-11-23T13:48:52.474+0000] {logging_mixin.py:188} INFO - [2025-11-23T13:48:52.473+0000] {dagbag.py:545} INFO - Filling up the DagBag from /opt/airflow/dags/cbr_daily_to_raw.py
[2025-11-23T13:48:52.502+0000] {processor.py:840} INFO - DAG(s) 'cbr_daily_to_raw' retrieved from /opt/airflow/dags/cbr_daily_to_raw.py
[2025-11-23T13:48:52.547+0000] {logging_mixin.py:188} INFO - [2025-11-23T13:48:52.546+0000] {dag.py:3096} INFO - Sync 1 DAGs
[2025-11-23T13:48:52.579+0000] {logging_mixin.py:188} INFO - [2025-11-23T13:48:52.578+0000] {dag.py:3954} INFO - Setting next_dagrun for cbr_daily_to_raw to 2025-11-23 00:00:00+00:00, run_after=2025-11-24 00:00:00+00:00
[2025-11-23T13:48:52.608+0000] {processor.py:183} INFO - Processing /opt/airflow/dags/cbr_daily_to_raw.py took 0.145 seconds
[2025-11-23T13:49:22.846+0000] {processor.py:161} INFO - Started process (PID=188) to work on /opt/airflow/dags/cbr_daily_to_raw.py
[2025-11-23T13:49:22.847+0000] {processor.py:830} INFO - Processing file /opt/airflow/dags/cbr_daily_to_raw.py for tasks to queue
[2025-11-23T13:49:22.850+0000] {logging_mixin.py:188} INFO - [2025-11-23T13:49:22.849+0000] {dagbag.py:545} INFO - Filling up the DagBag from /opt/airflow/dags/cbr_daily_to_raw.py
[2025-11-23T13:49:22.878+0000] {processor.py:840} INFO - DAG(s) 'cbr_daily_to_raw' retrieved from /opt/airflow/dags/cbr_daily_to_raw.py
[2025-11-23T13:49:22.921+0000] {logging_mixin.py:188} INFO - [2025-11-23T13:49:22.920+0000] {dag.py:3096} INFO - Sync 1 DAGs
[2025-11-23T13:49:22.952+0000] {logging_mixin.py:188} INFO - [2025-11-23T13:49:22.952+0000] {dag.py:3954} INFO - Setting next_dagrun for cbr_daily_to_raw to 2025-11-23 00:00:00+00:00, run_after=2025-11-24 00:00:00+00:00
[2025-11-23T13:49:22.979+0000] {processor.py:183} INFO - Processing /opt/airflow/dags/cbr_daily_to_raw.py took 0.141 seconds
[2025-11-23T13:49:53.282+0000] {processor.py:161} INFO - Started process (PID=193) to work on /opt/airflow/dags/cbr_daily_to_raw.py
[2025-11-23T13:49:53.283+0000] {processor.py:830} INFO - Processing file /opt/airflow/dags/cbr_daily_to_raw.py for tasks to queue
[2025-11-23T13:49:53.286+0000] {logging_mixin.py:188} INFO - [2025-11-23T13:49:53.285+0000] {dagbag.py:545} INFO - Filling up the DagBag from /opt/airflow/dags/cbr_daily_to_raw.py
[2025-11-23T13:49:53.317+0000] {processor.py:840} INFO - DAG(s) 'cbr_daily_to_raw' retrieved from /opt/airflow/dags/cbr_daily_to_raw.py
[2025-11-23T13:49:53.357+0000] {logging_mixin.py:188} INFO - [2025-11-23T13:49:53.357+0000] {dag.py:3096} INFO - Sync 1 DAGs
[2025-11-23T13:49:53.389+0000] {logging_mixin.py:188} INFO - [2025-11-23T13:49:53.389+0000] {dag.py:3954} INFO - Setting next_dagrun for cbr_daily_to_raw to 2025-11-23 00:00:00+00:00, run_after=2025-11-24 00:00:00+00:00
[2025-11-23T13:49:53.417+0000] {processor.py:183} INFO - Processing /opt/airflow/dags/cbr_daily_to_raw.py took 0.144 seconds
[2025-11-23T13:50:23.565+0000] {processor.py:161} INFO - Started process (PID=202) to work on /opt/airflow/dags/cbr_daily_to_raw.py
[2025-11-23T13:50:23.567+0000] {processor.py:830} INFO - Processing file /opt/airflow/dags/cbr_daily_to_raw.py for tasks to queue
[2025-11-23T13:50:23.571+0000] {logging_mixin.py:188} INFO - [2025-11-23T13:50:23.570+0000] {dagbag.py:545} INFO - Filling up the DagBag from /opt/airflow/dags/cbr_daily_to_raw.py
[2025-11-23T13:50:23.617+0000] {processor.py:840} INFO - DAG(s) 'cbr_daily_to_raw' retrieved from /opt/airflow/dags/cbr_daily_to_raw.py
[2025-11-23T13:50:23.706+0000] {logging_mixin.py:188} INFO - [2025-11-23T13:50:23.706+0000] {dag.py:3096} INFO - Sync 1 DAGs
[2025-11-23T13:50:23.748+0000] {logging_mixin.py:188} INFO - [2025-11-23T13:50:23.748+0000] {dag.py:3954} INFO - Setting next_dagrun for cbr_daily_to_raw to 2025-11-23 00:00:00+00:00, run_after=2025-11-24 00:00:00+00:00
[2025-11-23T13:50:23.772+0000] {processor.py:183} INFO - Processing /opt/airflow/dags/cbr_daily_to_raw.py took 0.218 seconds
[2025-11-23T13:50:54.108+0000] {processor.py:161} INFO - Started process (PID=207) to work on /opt/airflow/dags/cbr_daily_to_raw.py
[2025-11-23T13:50:54.109+0000] {processor.py:830} INFO - Processing file /opt/airflow/dags/cbr_daily_to_raw.py for tasks to queue
[2025-11-23T13:50:54.112+0000] {logging_mixin.py:188} INFO - [2025-11-23T13:50:54.111+0000] {dagbag.py:545} INFO - Filling up the DagBag from /opt/airflow/dags/cbr_daily_to_raw.py
[2025-11-23T13:50:54.138+0000] {processor.py:840} INFO - DAG(s) 'cbr_daily_to_raw' retrieved from /opt/airflow/dags/cbr_daily_to_raw.py
[2025-11-23T13:50:54.178+0000] {logging_mixin.py:188} INFO - [2025-11-23T13:50:54.178+0000] {dag.py:3096} INFO - Sync 1 DAGs
[2025-11-23T13:50:54.208+0000] {logging_mixin.py:188} INFO - [2025-11-23T13:50:54.208+0000] {dag.py:3954} INFO - Setting next_dagrun for cbr_daily_to_raw to 2025-11-23 00:00:00+00:00, run_after=2025-11-24 00:00:00+00:00
[2025-11-23T13:50:54.236+0000] {processor.py:183} INFO - Processing /opt/airflow/dags/cbr_daily_to_raw.py took 0.135 seconds
[2025-11-23T13:51:24.440+0000] {processor.py:161} INFO - Started process (PID=212) to work on /opt/airflow/dags/cbr_daily_to_raw.py
[2025-11-23T13:51:24.441+0000] {processor.py:830} INFO - Processing file /opt/airflow/dags/cbr_daily_to_raw.py for tasks to queue
[2025-11-23T13:51:24.444+0000] {logging_mixin.py:188} INFO - [2025-11-23T13:51:24.444+0000] {dagbag.py:545} INFO - Filling up the DagBag from /opt/airflow/dags/cbr_daily_to_raw.py
[2025-11-23T13:51:24.473+0000] {processor.py:840} INFO - DAG(s) 'cbr_daily_to_raw' retrieved from /opt/airflow/dags/cbr_daily_to_raw.py
[2025-11-23T13:51:24.511+0000] {logging_mixin.py:188} INFO - [2025-11-23T13:51:24.511+0000] {dag.py:3096} INFO - Sync 1 DAGs
[2025-11-23T13:51:24.541+0000] {logging_mixin.py:188} INFO - [2025-11-23T13:51:24.540+0000] {dag.py:3954} INFO - Setting next_dagrun for cbr_daily_to_raw to 2025-11-23 00:00:00+00:00, run_after=2025-11-24 00:00:00+00:00
[2025-11-23T13:51:24.568+0000] {processor.py:183} INFO - Processing /opt/airflow/dags/cbr_daily_to_raw.py took 0.136 seconds
[2025-11-23T13:51:36.612+0000] {processor.py:161} INFO - Started process (PID=217) to work on /opt/airflow/dags/cbr_daily_to_raw.py
[2025-11-23T13:51:36.613+0000] {processor.py:830} INFO - Processing file /opt/airflow/dags/cbr_daily_to_raw.py for tasks to queue
[2025-11-23T13:51:36.615+0000] {logging_mixin.py:188} INFO - [2025-11-23T13:51:36.615+0000] {dagbag.py:545} INFO - Filling up the DagBag from /opt/airflow/dags/cbr_daily_to_raw.py
[2025-11-23T13:51:36.652+0000] {processor.py:840} INFO - DAG(s) 'cbr_daily_to_raw' retrieved from /opt/airflow/dags/cbr_daily_to_raw.py
[2025-11-23T13:51:36.692+0000] {logging_mixin.py:188} INFO - [2025-11-23T13:51:36.692+0000] {dag.py:3096} INFO - Sync 1 DAGs
[2025-11-23T13:51:36.721+0000] {logging_mixin.py:188} INFO - [2025-11-23T13:51:36.720+0000] {dag.py:3954} INFO - Setting next_dagrun for cbr_daily_to_raw to 2025-11-23 00:00:00+00:00, run_after=2025-11-24 00:00:00+00:00
[2025-11-23T13:51:36.753+0000] {processor.py:183} INFO - Processing /opt/airflow/dags/cbr_daily_to_raw.py took 0.148 seconds
[2025-11-23T13:52:39.817+0000] {processor.py:161} INFO - Started process (PID=165) to work on /opt/airflow/dags/cbr_daily_to_raw.py
[2025-11-23T13:52:39.820+0000] {processor.py:830} INFO - Processing file /opt/airflow/dags/cbr_daily_to_raw.py for tasks to queue
[2025-11-23T13:52:39.830+0000] {logging_mixin.py:188} INFO - [2025-11-23T13:52:39.829+0000] {dagbag.py:545} INFO - Filling up the DagBag from /opt/airflow/dags/cbr_daily_to_raw.py
[2025-11-23T13:52:39.884+0000] {processor.py:840} INFO - DAG(s) 'cbr_daily_to_raw' retrieved from /opt/airflow/dags/cbr_daily_to_raw.py
[2025-11-23T13:52:40.087+0000] {logging_mixin.py:188} INFO - [2025-11-23T13:52:40.087+0000] {dag.py:3096} INFO - Sync 1 DAGs
[2025-11-23T13:52:40.178+0000] {logging_mixin.py:188} INFO - [2025-11-23T13:52:40.177+0000] {dag.py:3954} INFO - Setting next_dagrun for cbr_daily_to_raw to 2025-11-23 00:00:00+00:00, run_after=2025-11-24 00:00:00+00:00
[2025-11-23T13:52:40.265+0000] {processor.py:183} INFO - Processing /opt/airflow/dags/cbr_daily_to_raw.py took 0.467 seconds
[2025-11-23T13:53:10.642+0000] {processor.py:161} INFO - Started process (PID=171) to work on /opt/airflow/dags/cbr_daily_to_raw.py
[2025-11-23T13:53:10.644+0000] {processor.py:830} INFO - Processing file /opt/airflow/dags/cbr_daily_to_raw.py for tasks to queue
[2025-11-23T13:53:10.647+0000] {logging_mixin.py:188} INFO - [2025-11-23T13:53:10.646+0000] {dagbag.py:545} INFO - Filling up the DagBag from /opt/airflow/dags/cbr_daily_to_raw.py
[2025-11-23T13:53:10.678+0000] {processor.py:840} INFO - DAG(s) 'cbr_daily_to_raw' retrieved from /opt/airflow/dags/cbr_daily_to_raw.py
[2025-11-23T13:53:10.730+0000] {logging_mixin.py:188} INFO - [2025-11-23T13:53:10.730+0000] {dag.py:3096} INFO - Sync 1 DAGs
[2025-11-23T13:53:10.763+0000] {logging_mixin.py:188} INFO - [2025-11-23T13:53:10.763+0000] {dag.py:3954} INFO - Setting next_dagrun for cbr_daily_to_raw to 2025-11-23 00:00:00+00:00, run_after=2025-11-24 00:00:00+00:00
[2025-11-23T13:53:10.793+0000] {processor.py:183} INFO - Processing /opt/airflow/dags/cbr_daily_to_raw.py took 0.162 seconds
[2025-11-23T13:53:40.957+0000] {processor.py:161} INFO - Started process (PID=176) to work on /opt/airflow/dags/cbr_daily_to_raw.py
[2025-11-23T13:53:40.958+0000] {processor.py:830} INFO - Processing file /opt/airflow/dags/cbr_daily_to_raw.py for tasks to queue
[2025-11-23T13:53:40.961+0000] {logging_mixin.py:188} INFO - [2025-11-23T13:53:40.960+0000] {dagbag.py:545} INFO - Filling up the DagBag from /opt/airflow/dags/cbr_daily_to_raw.py
[2025-11-23T13:53:40.993+0000] {processor.py:840} INFO - DAG(s) 'cbr_daily_to_raw' retrieved from /opt/airflow/dags/cbr_daily_to_raw.py
[2025-11-23T13:53:41.036+0000] {logging_mixin.py:188} INFO - [2025-11-23T13:53:41.036+0000] {dag.py:3096} INFO - Sync 1 DAGs
[2025-11-23T13:53:41.068+0000] {logging_mixin.py:188} INFO - [2025-11-23T13:53:41.068+0000] {dag.py:3954} INFO - Setting next_dagrun for cbr_daily_to_raw to 2025-11-23 00:00:00+00:00, run_after=2025-11-24 00:00:00+00:00
[2025-11-23T13:53:41.096+0000] {processor.py:183} INFO - Processing /opt/airflow/dags/cbr_daily_to_raw.py took 0.146 seconds
[2025-11-23T13:54:11.384+0000] {processor.py:161} INFO - Started process (PID=181) to work on /opt/airflow/dags/cbr_daily_to_raw.py
[2025-11-23T13:54:11.386+0000] {processor.py:830} INFO - Processing file /opt/airflow/dags/cbr_daily_to_raw.py for tasks to queue
[2025-11-23T13:54:11.389+0000] {logging_mixin.py:188} INFO - [2025-11-23T13:54:11.388+0000] {dagbag.py:545} INFO - Filling up the DagBag from /opt/airflow/dags/cbr_daily_to_raw.py
[2025-11-23T13:54:11.423+0000] {processor.py:840} INFO - DAG(s) 'cbr_daily_to_raw' retrieved from /opt/airflow/dags/cbr_daily_to_raw.py
[2025-11-23T13:54:11.489+0000] {logging_mixin.py:188} INFO - [2025-11-23T13:54:11.488+0000] {dag.py:3096} INFO - Sync 1 DAGs
[2025-11-23T13:54:11.538+0000] {logging_mixin.py:188} INFO - [2025-11-23T13:54:11.537+0000] {dag.py:3954} INFO - Setting next_dagrun for cbr_daily_to_raw to 2025-11-23 00:00:00+00:00, run_after=2025-11-24 00:00:00+00:00
[2025-11-23T13:54:11.563+0000] {processor.py:183} INFO - Processing /opt/airflow/dags/cbr_daily_to_raw.py took 0.187 seconds
[2025-11-23T13:54:41.680+0000] {processor.py:161} INFO - Started process (PID=186) to work on /opt/airflow/dags/cbr_daily_to_raw.py
[2025-11-23T13:54:41.681+0000] {processor.py:830} INFO - Processing file /opt/airflow/dags/cbr_daily_to_raw.py for tasks to queue
[2025-11-23T13:54:41.684+0000] {logging_mixin.py:188} INFO - [2025-11-23T13:54:41.683+0000] {dagbag.py:545} INFO - Filling up the DagBag from /opt/airflow/dags/cbr_daily_to_raw.py
[2025-11-23T13:54:41.711+0000] {processor.py:840} INFO - DAG(s) 'cbr_daily_to_raw' retrieved from /opt/airflow/dags/cbr_daily_to_raw.py
[2025-11-23T13:54:41.752+0000] {logging_mixin.py:188} INFO - [2025-11-23T13:54:41.751+0000] {dag.py:3096} INFO - Sync 1 DAGs
[2025-11-23T13:54:41.780+0000] {logging_mixin.py:188} INFO - [2025-11-23T13:54:41.780+0000] {dag.py:3954} INFO - Setting next_dagrun for cbr_daily_to_raw to 2025-11-23 00:00:00+00:00, run_after=2025-11-24 00:00:00+00:00
[2025-11-23T13:54:41.809+0000] {processor.py:183} INFO - Processing /opt/airflow/dags/cbr_daily_to_raw.py took 0.136 seconds
[2025-11-23T13:55:11.963+0000] {processor.py:161} INFO - Started process (PID=191) to work on /opt/airflow/dags/cbr_daily_to_raw.py
[2025-11-23T13:55:11.967+0000] {processor.py:830} INFO - Processing file /opt/airflow/dags/cbr_daily_to_raw.py for tasks to queue
[2025-11-23T13:55:11.970+0000] {logging_mixin.py:188} INFO - [2025-11-23T13:55:11.970+0000] {dagbag.py:545} INFO - Filling up the DagBag from /opt/airflow/dags/cbr_daily_to_raw.py
[2025-11-23T13:55:12.003+0000] {processor.py:840} INFO - DAG(s) 'cbr_daily_to_raw' retrieved from /opt/airflow/dags/cbr_daily_to_raw.py
[2025-11-23T13:55:12.064+0000] {logging_mixin.py:188} INFO - [2025-11-23T13:55:12.064+0000] {dag.py:3096} INFO - Sync 1 DAGs
[2025-11-23T13:55:12.123+0000] {logging_mixin.py:188} INFO - [2025-11-23T13:55:12.123+0000] {dag.py:3954} INFO - Setting next_dagrun for cbr_daily_to_raw to 2025-11-23 00:00:00+00:00, run_after=2025-11-24 00:00:00+00:00
[2025-11-23T13:55:12.154+0000] {processor.py:183} INFO - Processing /opt/airflow/dags/cbr_daily_to_raw.py took 0.204 seconds
[2025-11-23T13:55:42.322+0000] {processor.py:161} INFO - Started process (PID=196) to work on /opt/airflow/dags/cbr_daily_to_raw.py
[2025-11-23T13:55:42.323+0000] {processor.py:830} INFO - Processing file /opt/airflow/dags/cbr_daily_to_raw.py for tasks to queue
[2025-11-23T13:55:42.326+0000] {logging_mixin.py:188} INFO - [2025-11-23T13:55:42.325+0000] {dagbag.py:545} INFO - Filling up the DagBag from /opt/airflow/dags/cbr_daily_to_raw.py
[2025-11-23T13:55:42.352+0000] {processor.py:840} INFO - DAG(s) 'cbr_daily_to_raw' retrieved from /opt/airflow/dags/cbr_daily_to_raw.py
[2025-11-23T13:55:42.401+0000] {logging_mixin.py:188} INFO - [2025-11-23T13:55:42.401+0000] {dag.py:3096} INFO - Sync 1 DAGs
[2025-11-23T13:55:42.458+0000] {logging_mixin.py:188} INFO - [2025-11-23T13:55:42.457+0000] {dag.py:3954} INFO - Setting next_dagrun for cbr_daily_to_raw to 2025-11-23 00:00:00+00:00, run_after=2025-11-24 00:00:00+00:00
[2025-11-23T13:55:42.503+0000] {processor.py:183} INFO - Processing /opt/airflow/dags/cbr_daily_to_raw.py took 0.188 seconds
[2025-11-23T13:56:12.654+0000] {processor.py:161} INFO - Started process (PID=201) to work on /opt/airflow/dags/cbr_daily_to_raw.py
[2025-11-23T13:56:12.655+0000] {processor.py:830} INFO - Processing file /opt/airflow/dags/cbr_daily_to_raw.py for tasks to queue
[2025-11-23T13:56:12.657+0000] {logging_mixin.py:188} INFO - [2025-11-23T13:56:12.657+0000] {dagbag.py:545} INFO - Filling up the DagBag from /opt/airflow/dags/cbr_daily_to_raw.py
[2025-11-23T13:56:12.678+0000] {processor.py:840} INFO - DAG(s) 'cbr_daily_to_raw' retrieved from /opt/airflow/dags/cbr_daily_to_raw.py
[2025-11-23T13:56:12.720+0000] {logging_mixin.py:188} INFO - [2025-11-23T13:56:12.720+0000] {dag.py:3096} INFO - Sync 1 DAGs
[2025-11-23T13:56:12.760+0000] {logging_mixin.py:188} INFO - [2025-11-23T13:56:12.760+0000] {dag.py:3954} INFO - Setting next_dagrun for cbr_daily_to_raw to 2025-11-23 00:00:00+00:00, run_after=2025-11-24 00:00:00+00:00
[2025-11-23T13:56:12.791+0000] {processor.py:183} INFO - Processing /opt/airflow/dags/cbr_daily_to_raw.py took 0.144 seconds
[2025-11-23T13:56:43.064+0000] {processor.py:161} INFO - Started process (PID=206) to work on /opt/airflow/dags/cbr_daily_to_raw.py
[2025-11-23T13:56:43.065+0000] {processor.py:830} INFO - Processing file /opt/airflow/dags/cbr_daily_to_raw.py for tasks to queue
[2025-11-23T13:56:43.068+0000] {logging_mixin.py:188} INFO - [2025-11-23T13:56:43.067+0000] {dagbag.py:545} INFO - Filling up the DagBag from /opt/airflow/dags/cbr_daily_to_raw.py
[2025-11-23T13:56:43.101+0000] {processor.py:840} INFO - DAG(s) 'cbr_daily_to_raw' retrieved from /opt/airflow/dags/cbr_daily_to_raw.py
[2025-11-23T13:56:43.141+0000] {logging_mixin.py:188} INFO - [2025-11-23T13:56:43.141+0000] {dag.py:3096} INFO - Sync 1 DAGs
[2025-11-23T13:56:43.172+0000] {logging_mixin.py:188} INFO - [2025-11-23T13:56:43.172+0000] {dag.py:3954} INFO - Setting next_dagrun for cbr_daily_to_raw to 2025-11-23 00:00:00+00:00, run_after=2025-11-24 00:00:00+00:00
[2025-11-23T13:56:43.199+0000] {processor.py:183} INFO - Processing /opt/airflow/dags/cbr_daily_to_raw.py took 0.143 seconds
[2025-11-23T13:57:13.376+0000] {processor.py:161} INFO - Started process (PID=211) to work on /opt/airflow/dags/cbr_daily_to_raw.py
[2025-11-23T13:57:13.378+0000] {processor.py:830} INFO - Processing file /opt/airflow/dags/cbr_daily_to_raw.py for tasks to queue
[2025-11-23T13:57:13.380+0000] {logging_mixin.py:188} INFO - [2025-11-23T13:57:13.379+0000] {dagbag.py:545} INFO - Filling up the DagBag from /opt/airflow/dags/cbr_daily_to_raw.py
[2025-11-23T13:57:13.418+0000] {processor.py:840} INFO - DAG(s) 'cbr_daily_to_raw' retrieved from /opt/airflow/dags/cbr_daily_to_raw.py
[2025-11-23T13:57:13.474+0000] {logging_mixin.py:188} INFO - [2025-11-23T13:57:13.474+0000] {dag.py:3096} INFO - Sync 1 DAGs
[2025-11-23T13:57:13.504+0000] {logging_mixin.py:188} INFO - [2025-11-23T13:57:13.503+0000] {dag.py:3954} INFO - Setting next_dagrun for cbr_daily_to_raw to 2025-11-23 00:00:00+00:00, run_after=2025-11-24 00:00:00+00:00
[2025-11-23T13:57:13.532+0000] {processor.py:183} INFO - Processing /opt/airflow/dags/cbr_daily_to_raw.py took 0.164 seconds
[2025-11-23T13:57:43.770+0000] {processor.py:161} INFO - Started process (PID=216) to work on /opt/airflow/dags/cbr_daily_to_raw.py
[2025-11-23T13:57:43.772+0000] {processor.py:830} INFO - Processing file /opt/airflow/dags/cbr_daily_to_raw.py for tasks to queue
[2025-11-23T13:57:43.774+0000] {logging_mixin.py:188} INFO - [2025-11-23T13:57:43.774+0000] {dagbag.py:545} INFO - Filling up the DagBag from /opt/airflow/dags/cbr_daily_to_raw.py
[2025-11-23T13:57:43.805+0000] {processor.py:840} INFO - DAG(s) 'cbr_daily_to_raw' retrieved from /opt/airflow/dags/cbr_daily_to_raw.py
[2025-11-23T13:57:43.842+0000] {logging_mixin.py:188} INFO - [2025-11-23T13:57:43.842+0000] {dag.py:3096} INFO - Sync 1 DAGs
[2025-11-23T13:57:43.871+0000] {logging_mixin.py:188} INFO - [2025-11-23T13:57:43.871+0000] {dag.py:3954} INFO - Setting next_dagrun for cbr_daily_to_raw to 2025-11-23 00:00:00+00:00, run_after=2025-11-24 00:00:00+00:00
[2025-11-23T13:57:43.906+0000] {processor.py:183} INFO - Processing /opt/airflow/dags/cbr_daily_to_raw.py took 0.142 seconds
[2025-11-23T13:58:14.115+0000] {processor.py:161} INFO - Started process (PID=221) to work on /opt/airflow/dags/cbr_daily_to_raw.py
[2025-11-23T13:58:14.116+0000] {processor.py:830} INFO - Processing file /opt/airflow/dags/cbr_daily_to_raw.py for tasks to queue
[2025-11-23T13:58:14.119+0000] {logging_mixin.py:188} INFO - [2025-11-23T13:58:14.119+0000] {dagbag.py:545} INFO - Filling up the DagBag from /opt/airflow/dags/cbr_daily_to_raw.py
[2025-11-23T13:58:14.149+0000] {processor.py:840} INFO - DAG(s) 'cbr_daily_to_raw' retrieved from /opt/airflow/dags/cbr_daily_to_raw.py
[2025-11-23T13:58:14.189+0000] {logging_mixin.py:188} INFO - [2025-11-23T13:58:14.188+0000] {dag.py:3096} INFO - Sync 1 DAGs
[2025-11-23T13:58:14.230+0000] {logging_mixin.py:188} INFO - [2025-11-23T13:58:14.229+0000] {dag.py:3954} INFO - Setting next_dagrun for cbr_daily_to_raw to 2025-11-23 00:00:00+00:00, run_after=2025-11-24 00:00:00+00:00
[2025-11-23T13:58:14.269+0000] {processor.py:183} INFO - Processing /opt/airflow/dags/cbr_daily_to_raw.py took 0.163 seconds
[2025-11-23T13:58:44.612+0000] {processor.py:161} INFO - Started process (PID=226) to work on /opt/airflow/dags/cbr_daily_to_raw.py
[2025-11-23T13:58:44.613+0000] {processor.py:830} INFO - Processing file /opt/airflow/dags/cbr_daily_to_raw.py for tasks to queue
[2025-11-23T13:58:44.616+0000] {logging_mixin.py:188} INFO - [2025-11-23T13:58:44.615+0000] {dagbag.py:545} INFO - Filling up the DagBag from /opt/airflow/dags/cbr_daily_to_raw.py
[2025-11-23T13:58:44.646+0000] {processor.py:840} INFO - DAG(s) 'cbr_daily_to_raw' retrieved from /opt/airflow/dags/cbr_daily_to_raw.py
[2025-11-23T13:58:44.695+0000] {logging_mixin.py:188} INFO - [2025-11-23T13:58:44.695+0000] {dag.py:3096} INFO - Sync 1 DAGs
[2025-11-23T13:58:44.732+0000] {logging_mixin.py:188} INFO - [2025-11-23T13:58:44.732+0000] {dag.py:3954} INFO - Setting next_dagrun for cbr_daily_to_raw to 2025-11-23 00:00:00+00:00, run_after=2025-11-24 00:00:00+00:00
[2025-11-23T13:58:44.767+0000] {processor.py:183} INFO - Processing /opt/airflow/dags/cbr_daily_to_raw.py took 0.162 seconds
[2025-11-23T13:59:14.958+0000] {processor.py:161} INFO - Started process (PID=231) to work on /opt/airflow/dags/cbr_daily_to_raw.py
[2025-11-23T13:59:14.959+0000] {processor.py:830} INFO - Processing file /opt/airflow/dags/cbr_daily_to_raw.py for tasks to queue
[2025-11-23T13:59:14.962+0000] {logging_mixin.py:188} INFO - [2025-11-23T13:59:14.961+0000] {dagbag.py:545} INFO - Filling up the DagBag from /opt/airflow/dags/cbr_daily_to_raw.py
[2025-11-23T13:59:14.997+0000] {processor.py:840} INFO - DAG(s) 'cbr_daily_to_raw' retrieved from /opt/airflow/dags/cbr_daily_to_raw.py
[2025-11-23T13:59:15.033+0000] {logging_mixin.py:188} INFO - [2025-11-23T13:59:15.032+0000] {dag.py:3096} INFO - Sync 1 DAGs
[2025-11-23T13:59:15.068+0000] {logging_mixin.py:188} INFO - [2025-11-23T13:59:15.068+0000] {dag.py:3954} INFO - Setting next_dagrun for cbr_daily_to_raw to 2025-11-23 00:00:00+00:00, run_after=2025-11-24 00:00:00+00:00
[2025-11-23T13:59:15.096+0000] {processor.py:183} INFO - Processing /opt/airflow/dags/cbr_daily_to_raw.py took 0.145 seconds
[2025-11-23T13:59:45.484+0000] {processor.py:161} INFO - Started process (PID=236) to work on /opt/airflow/dags/cbr_daily_to_raw.py
[2025-11-23T13:59:45.485+0000] {processor.py:830} INFO - Processing file /opt/airflow/dags/cbr_daily_to_raw.py for tasks to queue
[2025-11-23T13:59:45.488+0000] {logging_mixin.py:188} INFO - [2025-11-23T13:59:45.487+0000] {dagbag.py:545} INFO - Filling up the DagBag from /opt/airflow/dags/cbr_daily_to_raw.py
[2025-11-23T13:59:45.518+0000] {processor.py:840} INFO - DAG(s) 'cbr_daily_to_raw' retrieved from /opt/airflow/dags/cbr_daily_to_raw.py
[2025-11-23T13:59:45.557+0000] {logging_mixin.py:188} INFO - [2025-11-23T13:59:45.556+0000] {dag.py:3096} INFO - Sync 1 DAGs
[2025-11-23T13:59:45.588+0000] {logging_mixin.py:188} INFO - [2025-11-23T13:59:45.587+0000] {dag.py:3954} INFO - Setting next_dagrun for cbr_daily_to_raw to 2025-11-23 00:00:00+00:00, run_after=2025-11-24 00:00:00+00:00
[2025-11-23T13:59:45.615+0000] {processor.py:183} INFO - Processing /opt/airflow/dags/cbr_daily_to_raw.py took 0.138 seconds
[2025-11-23T14:00:15.820+0000] {processor.py:161} INFO - Started process (PID=241) to work on /opt/airflow/dags/cbr_daily_to_raw.py
[2025-11-23T14:00:15.822+0000] {processor.py:830} INFO - Processing file /opt/airflow/dags/cbr_daily_to_raw.py for tasks to queue
[2025-11-23T14:00:15.824+0000] {logging_mixin.py:188} INFO - [2025-11-23T14:00:15.824+0000] {dagbag.py:545} INFO - Filling up the DagBag from /opt/airflow/dags/cbr_daily_to_raw.py
[2025-11-23T14:00:15.853+0000] {processor.py:840} INFO - DAG(s) 'cbr_daily_to_raw' retrieved from /opt/airflow/dags/cbr_daily_to_raw.py
[2025-11-23T14:00:15.893+0000] {logging_mixin.py:188} INFO - [2025-11-23T14:00:15.893+0000] {dag.py:3096} INFO - Sync 1 DAGs
[2025-11-23T14:00:15.921+0000] {logging_mixin.py:188} INFO - [2025-11-23T14:00:15.921+0000] {dag.py:3954} INFO - Setting next_dagrun for cbr_daily_to_raw to 2025-11-23 00:00:00+00:00, run_after=2025-11-24 00:00:00+00:00
[2025-11-23T14:00:15.948+0000] {processor.py:183} INFO - Processing /opt/airflow/dags/cbr_daily_to_raw.py took 0.135 seconds
[2025-11-23T14:00:46.287+0000] {processor.py:161} INFO - Started process (PID=246) to work on /opt/airflow/dags/cbr_daily_to_raw.py
[2025-11-23T14:00:46.288+0000] {processor.py:830} INFO - Processing file /opt/airflow/dags/cbr_daily_to_raw.py for tasks to queue
[2025-11-23T14:00:46.291+0000] {logging_mixin.py:188} INFO - [2025-11-23T14:00:46.291+0000] {dagbag.py:545} INFO - Filling up the DagBag from /opt/airflow/dags/cbr_daily_to_raw.py
[2025-11-23T14:00:46.319+0000] {processor.py:840} INFO - DAG(s) 'cbr_daily_to_raw' retrieved from /opt/airflow/dags/cbr_daily_to_raw.py
[2025-11-23T14:00:46.357+0000] {logging_mixin.py:188} INFO - [2025-11-23T14:00:46.357+0000] {dag.py:3096} INFO - Sync 1 DAGs
[2025-11-23T14:00:46.387+0000] {logging_mixin.py:188} INFO - [2025-11-23T14:00:46.387+0000] {dag.py:3954} INFO - Setting next_dagrun for cbr_daily_to_raw to 2025-11-23 00:00:00+00:00, run_after=2025-11-24 00:00:00+00:00
[2025-11-23T14:00:46.413+0000] {processor.py:183} INFO - Processing /opt/airflow/dags/cbr_daily_to_raw.py took 0.133 seconds
[2025-11-23T14:01:16.637+0000] {processor.py:161} INFO - Started process (PID=251) to work on /opt/airflow/dags/cbr_daily_to_raw.py
[2025-11-23T14:01:16.638+0000] {processor.py:830} INFO - Processing file /opt/airflow/dags/cbr_daily_to_raw.py for tasks to queue
[2025-11-23T14:01:16.641+0000] {logging_mixin.py:188} INFO - [2025-11-23T14:01:16.640+0000] {dagbag.py:545} INFO - Filling up the DagBag from /opt/airflow/dags/cbr_daily_to_raw.py
[2025-11-23T14:01:16.669+0000] {processor.py:840} INFO - DAG(s) 'cbr_daily_to_raw' retrieved from /opt/airflow/dags/cbr_daily_to_raw.py
[2025-11-23T14:01:16.712+0000] {logging_mixin.py:188} INFO - [2025-11-23T14:01:16.712+0000] {dag.py:3096} INFO - Sync 1 DAGs
[2025-11-23T14:01:16.744+0000] {logging_mixin.py:188} INFO - [2025-11-23T14:01:16.744+0000] {dag.py:3954} INFO - Setting next_dagrun for cbr_daily_to_raw to 2025-11-23 00:00:00+00:00, run_after=2025-11-24 00:00:00+00:00
[2025-11-23T14:01:16.771+0000] {processor.py:183} INFO - Processing /opt/airflow/dags/cbr_daily_to_raw.py took 0.143 seconds
[2025-11-23T14:01:47.071+0000] {processor.py:161} INFO - Started process (PID=256) to work on /opt/airflow/dags/cbr_daily_to_raw.py
[2025-11-23T14:01:47.072+0000] {processor.py:830} INFO - Processing file /opt/airflow/dags/cbr_daily_to_raw.py for tasks to queue
[2025-11-23T14:01:47.074+0000] {logging_mixin.py:188} INFO - [2025-11-23T14:01:47.074+0000] {dagbag.py:545} INFO - Filling up the DagBag from /opt/airflow/dags/cbr_daily_to_raw.py
[2025-11-23T14:01:47.101+0000] {processor.py:840} INFO - DAG(s) 'cbr_daily_to_raw' retrieved from /opt/airflow/dags/cbr_daily_to_raw.py
[2025-11-23T14:01:47.142+0000] {logging_mixin.py:188} INFO - [2025-11-23T14:01:47.142+0000] {dag.py:3096} INFO - Sync 1 DAGs
[2025-11-23T14:01:47.172+0000] {logging_mixin.py:188} INFO - [2025-11-23T14:01:47.172+0000] {dag.py:3954} INFO - Setting next_dagrun for cbr_daily_to_raw to 2025-11-23 00:00:00+00:00, run_after=2025-11-24 00:00:00+00:00
[2025-11-23T14:01:47.200+0000] {processor.py:183} INFO - Processing /opt/airflow/dags/cbr_daily_to_raw.py took 0.137 seconds
[2025-11-23T14:02:17.401+0000] {processor.py:161} INFO - Started process (PID=261) to work on /opt/airflow/dags/cbr_daily_to_raw.py
[2025-11-23T14:02:17.402+0000] {processor.py:830} INFO - Processing file /opt/airflow/dags/cbr_daily_to_raw.py for tasks to queue
[2025-11-23T14:02:17.405+0000] {logging_mixin.py:188} INFO - [2025-11-23T14:02:17.404+0000] {dagbag.py:545} INFO - Filling up the DagBag from /opt/airflow/dags/cbr_daily_to_raw.py
[2025-11-23T14:02:17.432+0000] {processor.py:840} INFO - DAG(s) 'cbr_daily_to_raw' retrieved from /opt/airflow/dags/cbr_daily_to_raw.py
[2025-11-23T14:02:17.471+0000] {logging_mixin.py:188} INFO - [2025-11-23T14:02:17.471+0000] {dag.py:3096} INFO - Sync 1 DAGs
[2025-11-23T14:02:17.501+0000] {logging_mixin.py:188} INFO - [2025-11-23T14:02:17.501+0000] {dag.py:3954} INFO - Setting next_dagrun for cbr_daily_to_raw to 2025-11-23 00:00:00+00:00, run_after=2025-11-24 00:00:00+00:00
[2025-11-23T14:02:17.531+0000] {processor.py:183} INFO - Processing /opt/airflow/dags/cbr_daily_to_raw.py took 0.137 seconds
[2025-11-23T14:02:29.579+0000] {processor.py:161} INFO - Started process (PID=266) to work on /opt/airflow/dags/cbr_daily_to_raw.py
[2025-11-23T14:02:29.581+0000] {processor.py:830} INFO - Processing file /opt/airflow/dags/cbr_daily_to_raw.py for tasks to queue
[2025-11-23T14:02:29.583+0000] {logging_mixin.py:188} INFO - [2025-11-23T14:02:29.582+0000] {dagbag.py:545} INFO - Filling up the DagBag from /opt/airflow/dags/cbr_daily_to_raw.py
[2025-11-23T14:02:29.624+0000] {processor.py:840} INFO - DAG(s) 'cbr_daily_to_raw' retrieved from /opt/airflow/dags/cbr_daily_to_raw.py
[2025-11-23T14:02:29.902+0000] {logging_mixin.py:188} INFO - [2025-11-23T14:02:29.902+0000] {dag.py:3096} INFO - Sync 1 DAGs
[2025-11-23T14:02:29.952+0000] {logging_mixin.py:188} INFO - [2025-11-23T14:02:29.952+0000] {dag.py:3954} INFO - Setting next_dagrun for cbr_daily_to_raw to 2025-11-23 00:00:00+00:00, run_after=2025-11-24 00:00:00+00:00
[2025-11-23T14:02:29.991+0000] {processor.py:183} INFO - Processing /opt/airflow/dags/cbr_daily_to_raw.py took 0.420 seconds
[2025-11-23T14:03:36.627+0000] {processor.py:161} INFO - Started process (PID=164) to work on /opt/airflow/dags/cbr_daily_to_raw.py
[2025-11-23T14:03:36.629+0000] {processor.py:830} INFO - Processing file /opt/airflow/dags/cbr_daily_to_raw.py for tasks to queue
[2025-11-23T14:03:36.634+0000] {logging_mixin.py:188} INFO - [2025-11-23T14:03:36.633+0000] {dagbag.py:545} INFO - Filling up the DagBag from /opt/airflow/dags/cbr_daily_to_raw.py
[2025-11-23T14:03:36.685+0000] {processor.py:840} INFO - DAG(s) 'cbr_daily_to_raw' retrieved from /opt/airflow/dags/cbr_daily_to_raw.py
[2025-11-23T14:03:36.838+0000] {logging_mixin.py:188} INFO - [2025-11-23T14:03:36.838+0000] {dag.py:3096} INFO - Sync 1 DAGs
[2025-11-23T14:03:36.899+0000] {logging_mixin.py:188} INFO - [2025-11-23T14:03:36.899+0000] {dag.py:3954} INFO - Setting next_dagrun for cbr_daily_to_raw to 2025-11-23 00:00:00+00:00, run_after=2025-11-24 00:00:00+00:00
[2025-11-23T14:03:36.951+0000] {processor.py:183} INFO - Processing /opt/airflow/dags/cbr_daily_to_raw.py took 0.338 seconds
[2025-11-23T14:04:07.263+0000] {processor.py:161} INFO - Started process (PID=169) to work on /opt/airflow/dags/cbr_daily_to_raw.py
[2025-11-23T14:04:07.265+0000] {processor.py:830} INFO - Processing file /opt/airflow/dags/cbr_daily_to_raw.py for tasks to queue
[2025-11-23T14:04:07.268+0000] {logging_mixin.py:188} INFO - [2025-11-23T14:04:07.267+0000] {dagbag.py:545} INFO - Filling up the DagBag from /opt/airflow/dags/cbr_daily_to_raw.py
[2025-11-23T14:04:07.301+0000] {processor.py:840} INFO - DAG(s) 'cbr_daily_to_raw' retrieved from /opt/airflow/dags/cbr_daily_to_raw.py
[2025-11-23T14:04:07.354+0000] {logging_mixin.py:188} INFO - [2025-11-23T14:04:07.353+0000] {dag.py:3096} INFO - Sync 1 DAGs
[2025-11-23T14:04:07.386+0000] {logging_mixin.py:188} INFO - [2025-11-23T14:04:07.385+0000] {dag.py:3954} INFO - Setting next_dagrun for cbr_daily_to_raw to 2025-11-23 00:00:00+00:00, run_after=2025-11-24 00:00:00+00:00
[2025-11-23T14:04:07.416+0000] {processor.py:183} INFO - Processing /opt/airflow/dags/cbr_daily_to_raw.py took 0.162 seconds
[2025-11-23T14:04:37.544+0000] {processor.py:161} INFO - Started process (PID=176) to work on /opt/airflow/dags/cbr_daily_to_raw.py
[2025-11-23T14:04:37.545+0000] {processor.py:830} INFO - Processing file /opt/airflow/dags/cbr_daily_to_raw.py for tasks to queue
[2025-11-23T14:04:37.550+0000] {logging_mixin.py:188} INFO - [2025-11-23T14:04:37.548+0000] {dagbag.py:545} INFO - Filling up the DagBag from /opt/airflow/dags/cbr_daily_to_raw.py
[2025-11-23T14:04:37.601+0000] {processor.py:840} INFO - DAG(s) 'cbr_daily_to_raw' retrieved from /opt/airflow/dags/cbr_daily_to_raw.py
[2025-11-23T14:04:37.645+0000] {logging_mixin.py:188} INFO - [2025-11-23T14:04:37.644+0000] {dag.py:3096} INFO - Sync 1 DAGs
[2025-11-23T14:04:37.686+0000] {logging_mixin.py:188} INFO - [2025-11-23T14:04:37.686+0000] {dag.py:3954} INFO - Setting next_dagrun for cbr_daily_to_raw to 2025-11-23 00:00:00+00:00, run_after=2025-11-24 00:00:00+00:00
[2025-11-23T14:04:37.722+0000] {processor.py:183} INFO - Processing /opt/airflow/dags/cbr_daily_to_raw.py took 0.186 seconds
[2025-11-23T14:05:08.035+0000] {processor.py:161} INFO - Started process (PID=181) to work on /opt/airflow/dags/cbr_daily_to_raw.py
[2025-11-23T14:05:08.037+0000] {processor.py:830} INFO - Processing file /opt/airflow/dags/cbr_daily_to_raw.py for tasks to queue
[2025-11-23T14:05:08.039+0000] {logging_mixin.py:188} INFO - [2025-11-23T14:05:08.039+0000] {dagbag.py:545} INFO - Filling up the DagBag from /opt/airflow/dags/cbr_daily_to_raw.py
[2025-11-23T14:05:08.066+0000] {processor.py:840} INFO - DAG(s) 'cbr_daily_to_raw' retrieved from /opt/airflow/dags/cbr_daily_to_raw.py
[2025-11-23T14:05:08.103+0000] {logging_mixin.py:188} INFO - [2025-11-23T14:05:08.103+0000] {dag.py:3096} INFO - Sync 1 DAGs
[2025-11-23T14:05:08.131+0000] {logging_mixin.py:188} INFO - [2025-11-23T14:05:08.131+0000] {dag.py:3954} INFO - Setting next_dagrun for cbr_daily_to_raw to 2025-11-23 00:00:00+00:00, run_after=2025-11-24 00:00:00+00:00
[2025-11-23T14:05:08.171+0000] {processor.py:183} INFO - Processing /opt/airflow/dags/cbr_daily_to_raw.py took 0.142 seconds
[2025-11-23T14:06:28.342+0000] {processor.py:161} INFO - Started process (PID=164) to work on /opt/airflow/dags/cbr_daily_to_raw.py
[2025-11-23T14:06:28.353+0000] {processor.py:830} INFO - Processing file /opt/airflow/dags/cbr_daily_to_raw.py for tasks to queue
[2025-11-23T14:06:28.377+0000] {logging_mixin.py:188} INFO - [2025-11-23T14:06:28.376+0000] {dagbag.py:545} INFO - Filling up the DagBag from /opt/airflow/dags/cbr_daily_to_raw.py
[2025-11-23T14:06:28.526+0000] {processor.py:840} INFO - DAG(s) 'cbr_daily_to_raw' retrieved from /opt/airflow/dags/cbr_daily_to_raw.py
[2025-11-23T14:06:28.828+0000] {logging_mixin.py:188} INFO - [2025-11-23T14:06:28.827+0000] {dag.py:3096} INFO - Sync 1 DAGs
[2025-11-23T14:06:29.008+0000] {logging_mixin.py:188} INFO - [2025-11-23T14:06:29.007+0000] {dag.py:3954} INFO - Setting next_dagrun for cbr_daily_to_raw to 2025-11-23 00:00:00+00:00, run_after=2025-11-24 00:00:00+00:00
[2025-11-23T14:06:29.107+0000] {processor.py:183} INFO - Processing /opt/airflow/dags/cbr_daily_to_raw.py took 0.782 seconds
[2025-11-23T14:06:59.639+0000] {processor.py:161} INFO - Started process (PID=169) to work on /opt/airflow/dags/cbr_daily_to_raw.py
[2025-11-23T14:06:59.642+0000] {processor.py:830} INFO - Processing file /opt/airflow/dags/cbr_daily_to_raw.py for tasks to queue
[2025-11-23T14:06:59.645+0000] {logging_mixin.py:188} INFO - [2025-11-23T14:06:59.645+0000] {dagbag.py:545} INFO - Filling up the DagBag from /opt/airflow/dags/cbr_daily_to_raw.py
[2025-11-23T14:06:59.692+0000] {processor.py:840} INFO - DAG(s) 'cbr_daily_to_raw' retrieved from /opt/airflow/dags/cbr_daily_to_raw.py
[2025-11-23T14:06:59.825+0000] {logging_mixin.py:188} INFO - [2025-11-23T14:06:59.824+0000] {dag.py:3096} INFO - Sync 1 DAGs
[2025-11-23T14:06:59.908+0000] {logging_mixin.py:188} INFO - [2025-11-23T14:06:59.907+0000] {dag.py:3954} INFO - Setting next_dagrun for cbr_daily_to_raw to 2025-11-23 00:00:00+00:00, run_after=2025-11-24 00:00:00+00:00
[2025-11-23T14:07:00.002+0000] {processor.py:183} INFO - Processing /opt/airflow/dags/cbr_daily_to_raw.py took 0.377 seconds
[2025-11-23T14:07:30.465+0000] {processor.py:161} INFO - Started process (PID=176) to work on /opt/airflow/dags/cbr_daily_to_raw.py
[2025-11-23T14:07:30.466+0000] {processor.py:830} INFO - Processing file /opt/airflow/dags/cbr_daily_to_raw.py for tasks to queue
[2025-11-23T14:07:30.469+0000] {logging_mixin.py:188} INFO - [2025-11-23T14:07:30.469+0000] {dagbag.py:545} INFO - Filling up the DagBag from /opt/airflow/dags/cbr_daily_to_raw.py
[2025-11-23T14:07:30.511+0000] {processor.py:840} INFO - DAG(s) 'cbr_daily_to_raw' retrieved from /opt/airflow/dags/cbr_daily_to_raw.py
[2025-11-23T14:07:30.567+0000] {logging_mixin.py:188} INFO - [2025-11-23T14:07:30.567+0000] {dag.py:3096} INFO - Sync 1 DAGs
[2025-11-23T14:07:30.599+0000] {logging_mixin.py:188} INFO - [2025-11-23T14:07:30.599+0000] {dag.py:3954} INFO - Setting next_dagrun for cbr_daily_to_raw to 2025-11-23 00:00:00+00:00, run_after=2025-11-24 00:00:00+00:00
[2025-11-23T14:07:30.626+0000] {processor.py:183} INFO - Processing /opt/airflow/dags/cbr_daily_to_raw.py took 0.168 seconds
[2025-11-23T14:08:00.762+0000] {processor.py:161} INFO - Started process (PID=183) to work on /opt/airflow/dags/cbr_daily_to_raw.py
[2025-11-23T14:08:00.764+0000] {processor.py:830} INFO - Processing file /opt/airflow/dags/cbr_daily_to_raw.py for tasks to queue
[2025-11-23T14:08:00.767+0000] {logging_mixin.py:188} INFO - [2025-11-23T14:08:00.766+0000] {dagbag.py:545} INFO - Filling up the DagBag from /opt/airflow/dags/cbr_daily_to_raw.py
[2025-11-23T14:08:00.798+0000] {processor.py:840} INFO - DAG(s) 'cbr_daily_to_raw' retrieved from /opt/airflow/dags/cbr_daily_to_raw.py
[2025-11-23T14:08:00.845+0000] {logging_mixin.py:188} INFO - [2025-11-23T14:08:00.844+0000] {dag.py:3096} INFO - Sync 1 DAGs
[2025-11-23T14:08:00.876+0000] {logging_mixin.py:188} INFO - [2025-11-23T14:08:00.876+0000] {dag.py:3954} INFO - Setting next_dagrun for cbr_daily_to_raw to 2025-11-23 00:00:00+00:00, run_after=2025-11-24 00:00:00+00:00
[2025-11-23T14:08:00.904+0000] {processor.py:183} INFO - Processing /opt/airflow/dags/cbr_daily_to_raw.py took 0.149 seconds
[2025-11-23T14:08:31.281+0000] {processor.py:161} INFO - Started process (PID=188) to work on /opt/airflow/dags/cbr_daily_to_raw.py
[2025-11-23T14:08:31.282+0000] {processor.py:830} INFO - Processing file /opt/airflow/dags/cbr_daily_to_raw.py for tasks to queue
[2025-11-23T14:08:31.287+0000] {logging_mixin.py:188} INFO - [2025-11-23T14:08:31.286+0000] {dagbag.py:545} INFO - Filling up the DagBag from /opt/airflow/dags/cbr_daily_to_raw.py
[2025-11-23T14:08:31.312+0000] {processor.py:840} INFO - DAG(s) 'cbr_daily_to_raw' retrieved from /opt/airflow/dags/cbr_daily_to_raw.py
[2025-11-23T14:08:31.349+0000] {logging_mixin.py:188} INFO - [2025-11-23T14:08:31.349+0000] {dag.py:3096} INFO - Sync 1 DAGs
[2025-11-23T14:08:31.379+0000] {logging_mixin.py:188} INFO - [2025-11-23T14:08:31.379+0000] {dag.py:3954} INFO - Setting next_dagrun for cbr_daily_to_raw to 2025-11-23 00:00:00+00:00, run_after=2025-11-24 00:00:00+00:00
[2025-11-23T14:08:31.408+0000] {processor.py:183} INFO - Processing /opt/airflow/dags/cbr_daily_to_raw.py took 0.134 seconds
[2025-11-23T14:09:01.625+0000] {processor.py:161} INFO - Started process (PID=193) to work on /opt/airflow/dags/cbr_daily_to_raw.py
[2025-11-23T14:09:01.626+0000] {processor.py:830} INFO - Processing file /opt/airflow/dags/cbr_daily_to_raw.py for tasks to queue
[2025-11-23T14:09:01.629+0000] {logging_mixin.py:188} INFO - [2025-11-23T14:09:01.629+0000] {dagbag.py:545} INFO - Filling up the DagBag from /opt/airflow/dags/cbr_daily_to_raw.py
[2025-11-23T14:09:01.660+0000] {processor.py:840} INFO - DAG(s) 'cbr_daily_to_raw' retrieved from /opt/airflow/dags/cbr_daily_to_raw.py
[2025-11-23T14:09:01.695+0000] {logging_mixin.py:188} INFO - [2025-11-23T14:09:01.695+0000] {dag.py:3096} INFO - Sync 1 DAGs
[2025-11-23T14:09:01.725+0000] {logging_mixin.py:188} INFO - [2025-11-23T14:09:01.724+0000] {dag.py:3954} INFO - Setting next_dagrun for cbr_daily_to_raw to 2025-11-23 00:00:00+00:00, run_after=2025-11-24 00:00:00+00:00
[2025-11-23T14:09:01.756+0000] {processor.py:183} INFO - Processing /opt/airflow/dags/cbr_daily_to_raw.py took 0.140 seconds
[2025-11-23T14:09:32.120+0000] {processor.py:161} INFO - Started process (PID=198) to work on /opt/airflow/dags/cbr_daily_to_raw.py
[2025-11-23T14:09:32.121+0000] {processor.py:830} INFO - Processing file /opt/airflow/dags/cbr_daily_to_raw.py for tasks to queue
[2025-11-23T14:09:32.124+0000] {logging_mixin.py:188} INFO - [2025-11-23T14:09:32.123+0000] {dagbag.py:545} INFO - Filling up the DagBag from /opt/airflow/dags/cbr_daily_to_raw.py
[2025-11-23T14:09:32.152+0000] {processor.py:840} INFO - DAG(s) 'cbr_daily_to_raw' retrieved from /opt/airflow/dags/cbr_daily_to_raw.py
[2025-11-23T14:09:32.194+0000] {logging_mixin.py:188} INFO - [2025-11-23T14:09:32.193+0000] {dag.py:3096} INFO - Sync 1 DAGs
[2025-11-23T14:09:32.223+0000] {logging_mixin.py:188} INFO - [2025-11-23T14:09:32.223+0000] {dag.py:3954} INFO - Setting next_dagrun for cbr_daily_to_raw to 2025-11-23 00:00:00+00:00, run_after=2025-11-24 00:00:00+00:00
[2025-11-23T14:09:32.251+0000] {processor.py:183} INFO - Processing /opt/airflow/dags/cbr_daily_to_raw.py took 0.138 seconds
[2025-11-23T14:10:02.467+0000] {processor.py:161} INFO - Started process (PID=203) to work on /opt/airflow/dags/cbr_daily_to_raw.py
[2025-11-23T14:10:02.469+0000] {processor.py:830} INFO - Processing file /opt/airflow/dags/cbr_daily_to_raw.py for tasks to queue
[2025-11-23T14:10:02.472+0000] {logging_mixin.py:188} INFO - [2025-11-23T14:10:02.472+0000] {dagbag.py:545} INFO - Filling up the DagBag from /opt/airflow/dags/cbr_daily_to_raw.py
[2025-11-23T14:10:02.498+0000] {processor.py:840} INFO - DAG(s) 'cbr_daily_to_raw' retrieved from /opt/airflow/dags/cbr_daily_to_raw.py
[2025-11-23T14:10:02.538+0000] {logging_mixin.py:188} INFO - [2025-11-23T14:10:02.538+0000] {dag.py:3096} INFO - Sync 1 DAGs
[2025-11-23T14:10:02.565+0000] {logging_mixin.py:188} INFO - [2025-11-23T14:10:02.565+0000] {dag.py:3954} INFO - Setting next_dagrun for cbr_daily_to_raw to 2025-11-23 00:00:00+00:00, run_after=2025-11-24 00:00:00+00:00
[2025-11-23T14:10:02.596+0000] {processor.py:183} INFO - Processing /opt/airflow/dags/cbr_daily_to_raw.py took 0.137 seconds
[2025-11-23T14:10:33.140+0000] {processor.py:161} INFO - Started process (PID=208) to work on /opt/airflow/dags/cbr_daily_to_raw.py
[2025-11-23T14:10:33.777+0000] {processor.py:830} INFO - Processing file /opt/airflow/dags/cbr_daily_to_raw.py for tasks to queue
[2025-11-23T14:10:34.469+0000] {logging_mixin.py:188} INFO - [2025-11-23T14:10:34.460+0000] {dagbag.py:545} INFO - Filling up the DagBag from /opt/airflow/dags/cbr_daily_to_raw.py
[2025-11-23T14:10:34.637+0000] {processor.py:840} INFO - DAG(s) 'cbr_daily_to_raw' retrieved from /opt/airflow/dags/cbr_daily_to_raw.py
[2025-11-23T14:10:34.893+0000] {logging_mixin.py:188} INFO - [2025-11-23T14:10:34.893+0000] {dag.py:3096} INFO - Sync 1 DAGs
[2025-11-23T14:10:36.197+0000] {processor.py:183} INFO - Processing /opt/airflow/dags/cbr_daily_to_raw.py took 3.215 seconds
[2025-11-23T14:11:06.602+0000] {processor.py:161} INFO - Started process (PID=213) to work on /opt/airflow/dags/cbr_daily_to_raw.py
[2025-11-23T14:11:06.604+0000] {processor.py:830} INFO - Processing file /opt/airflow/dags/cbr_daily_to_raw.py for tasks to queue
[2025-11-23T14:11:06.607+0000] {logging_mixin.py:188} INFO - [2025-11-23T14:11:06.607+0000] {dagbag.py:545} INFO - Filling up the DagBag from /opt/airflow/dags/cbr_daily_to_raw.py
[2025-11-23T14:11:06.673+0000] {processor.py:840} INFO - DAG(s) 'cbr_daily_to_raw' retrieved from /opt/airflow/dags/cbr_daily_to_raw.py
[2025-11-23T14:11:06.738+0000] {logging_mixin.py:188} INFO - [2025-11-23T14:11:06.737+0000] {dag.py:3096} INFO - Sync 1 DAGs
[2025-11-23T14:11:06.829+0000] {logging_mixin.py:188} INFO - [2025-11-23T14:11:06.828+0000] {dag.py:3954} INFO - Setting next_dagrun for cbr_daily_to_raw to 2025-11-23 00:00:00+00:00, run_after=2025-11-24 00:00:00+00:00
[2025-11-23T14:11:06.891+0000] {processor.py:183} INFO - Processing /opt/airflow/dags/cbr_daily_to_raw.py took 0.298 seconds
[2025-11-23T14:11:37.264+0000] {processor.py:161} INFO - Started process (PID=218) to work on /opt/airflow/dags/cbr_daily_to_raw.py
[2025-11-23T14:11:37.266+0000] {processor.py:830} INFO - Processing file /opt/airflow/dags/cbr_daily_to_raw.py for tasks to queue
[2025-11-23T14:11:37.269+0000] {logging_mixin.py:188} INFO - [2025-11-23T14:11:37.268+0000] {dagbag.py:545} INFO - Filling up the DagBag from /opt/airflow/dags/cbr_daily_to_raw.py
[2025-11-23T14:11:37.299+0000] {processor.py:840} INFO - DAG(s) 'cbr_daily_to_raw' retrieved from /opt/airflow/dags/cbr_daily_to_raw.py
[2025-11-23T14:11:37.350+0000] {logging_mixin.py:188} INFO - [2025-11-23T14:11:37.350+0000] {dag.py:3096} INFO - Sync 1 DAGs
[2025-11-23T14:11:37.396+0000] {logging_mixin.py:188} INFO - [2025-11-23T14:11:37.395+0000] {dag.py:3954} INFO - Setting next_dagrun for cbr_daily_to_raw to 2025-11-23 00:00:00+00:00, run_after=2025-11-24 00:00:00+00:00
[2025-11-23T14:11:37.420+0000] {processor.py:183} INFO - Processing /opt/airflow/dags/cbr_daily_to_raw.py took 0.163 seconds
[2025-11-23T14:12:07.571+0000] {processor.py:161} INFO - Started process (PID=223) to work on /opt/airflow/dags/cbr_daily_to_raw.py
[2025-11-23T14:12:07.573+0000] {processor.py:830} INFO - Processing file /opt/airflow/dags/cbr_daily_to_raw.py for tasks to queue
[2025-11-23T14:12:07.576+0000] {logging_mixin.py:188} INFO - [2025-11-23T14:12:07.575+0000] {dagbag.py:545} INFO - Filling up the DagBag from /opt/airflow/dags/cbr_daily_to_raw.py
[2025-11-23T14:12:07.606+0000] {processor.py:840} INFO - DAG(s) 'cbr_daily_to_raw' retrieved from /opt/airflow/dags/cbr_daily_to_raw.py
[2025-11-23T14:12:07.652+0000] {logging_mixin.py:188} INFO - [2025-11-23T14:12:07.652+0000] {dag.py:3096} INFO - Sync 1 DAGs
[2025-11-23T14:12:07.703+0000] {logging_mixin.py:188} INFO - [2025-11-23T14:12:07.702+0000] {dag.py:3954} INFO - Setting next_dagrun for cbr_daily_to_raw to 2025-11-23 00:00:00+00:00, run_after=2025-11-24 00:00:00+00:00
[2025-11-23T14:12:07.732+0000] {processor.py:183} INFO - Processing /opt/airflow/dags/cbr_daily_to_raw.py took 0.168 seconds
[2025-11-23T14:12:38.640+0000] {processor.py:161} INFO - Started process (PID=228) to work on /opt/airflow/dags/cbr_daily_to_raw.py
[2025-11-23T14:12:38.641+0000] {processor.py:830} INFO - Processing file /opt/airflow/dags/cbr_daily_to_raw.py for tasks to queue
[2025-11-23T14:12:38.645+0000] {logging_mixin.py:188} INFO - [2025-11-23T14:12:38.644+0000] {dagbag.py:545} INFO - Filling up the DagBag from /opt/airflow/dags/cbr_daily_to_raw.py
[2025-11-23T14:12:38.675+0000] {processor.py:840} INFO - DAG(s) 'cbr_daily_to_raw' retrieved from /opt/airflow/dags/cbr_daily_to_raw.py
[2025-11-23T14:12:38.721+0000] {logging_mixin.py:188} INFO - [2025-11-23T14:12:38.720+0000] {dag.py:3096} INFO - Sync 1 DAGs
[2025-11-23T14:12:38.786+0000] {processor.py:183} INFO - Processing /opt/airflow/dags/cbr_daily_to_raw.py took 0.155 seconds
[2025-11-23T14:13:09.125+0000] {processor.py:161} INFO - Started process (PID=233) to work on /opt/airflow/dags/cbr_daily_to_raw.py
[2025-11-23T14:13:09.127+0000] {processor.py:830} INFO - Processing file /opt/airflow/dags/cbr_daily_to_raw.py for tasks to queue
[2025-11-23T14:13:09.129+0000] {logging_mixin.py:188} INFO - [2025-11-23T14:13:09.129+0000] {dagbag.py:545} INFO - Filling up the DagBag from /opt/airflow/dags/cbr_daily_to_raw.py
[2025-11-23T14:13:09.159+0000] {processor.py:840} INFO - DAG(s) 'cbr_daily_to_raw' retrieved from /opt/airflow/dags/cbr_daily_to_raw.py
[2025-11-23T14:13:09.209+0000] {logging_mixin.py:188} INFO - [2025-11-23T14:13:09.209+0000] {dag.py:3096} INFO - Sync 1 DAGs
[2025-11-23T14:13:09.274+0000] {logging_mixin.py:188} INFO - [2025-11-23T14:13:09.273+0000] {dag.py:3954} INFO - Setting next_dagrun for cbr_daily_to_raw to 2025-11-23 00:00:00+00:00, run_after=2025-11-24 00:00:00+00:00
[2025-11-23T14:13:09.310+0000] {processor.py:183} INFO - Processing /opt/airflow/dags/cbr_daily_to_raw.py took 0.193 seconds
[2025-11-23T14:14:45.833+0000] {processor.py:161} INFO - Started process (PID=164) to work on /opt/airflow/dags/cbr_daily_to_raw.py
[2025-11-23T14:14:45.854+0000] {processor.py:830} INFO - Processing file /opt/airflow/dags/cbr_daily_to_raw.py for tasks to queue
[2025-11-23T14:14:45.867+0000] {logging_mixin.py:188} INFO - [2025-11-23T14:14:45.864+0000] {dagbag.py:545} INFO - Filling up the DagBag from /opt/airflow/dags/cbr_daily_to_raw.py
[2025-11-23T14:14:46.203+0000] {processor.py:840} INFO - DAG(s) 'cbr_daily_to_raw' retrieved from /opt/airflow/dags/cbr_daily_to_raw.py
[2025-11-23T14:14:48.168+0000] {logging_mixin.py:188} INFO - [2025-11-23T14:14:48.167+0000] {dag.py:3096} INFO - Sync 1 DAGs
[2025-11-23T14:14:48.219+0000] {logging_mixin.py:188} INFO - [2025-11-23T14:14:48.218+0000] {dag.py:3118} INFO - Creating ORM DAG for cbr_daily_to_raw
[2025-11-23T14:14:48.267+0000] {logging_mixin.py:188} INFO - [2025-11-23T14:14:48.266+0000] {dag.py:3954} INFO - Setting next_dagrun for cbr_daily_to_raw to 2025-07-01 00:00:00+00:00, run_after=2025-07-02 00:00:00+00:00
[2025-11-23T14:14:48.342+0000] {processor.py:183} INFO - Processing /opt/airflow/dags/cbr_daily_to_raw.py took 2.579 seconds
[2025-11-23T14:15:18.738+0000] {processor.py:161} INFO - Started process (PID=169) to work on /opt/airflow/dags/cbr_daily_to_raw.py
[2025-11-23T14:15:18.741+0000] {processor.py:830} INFO - Processing file /opt/airflow/dags/cbr_daily_to_raw.py for tasks to queue
[2025-11-23T14:15:18.745+0000] {logging_mixin.py:188} INFO - [2025-11-23T14:15:18.744+0000] {dagbag.py:545} INFO - Filling up the DagBag from /opt/airflow/dags/cbr_daily_to_raw.py
[2025-11-23T14:15:18.802+0000] {processor.py:840} INFO - DAG(s) 'cbr_daily_to_raw' retrieved from /opt/airflow/dags/cbr_daily_to_raw.py
[2025-11-23T14:15:18.891+0000] {logging_mixin.py:188} INFO - [2025-11-23T14:15:18.890+0000] {dag.py:3096} INFO - Sync 1 DAGs
[2025-11-23T14:15:18.936+0000] {logging_mixin.py:188} INFO - [2025-11-23T14:15:18.936+0000] {dag.py:3954} INFO - Setting next_dagrun for cbr_daily_to_raw to 2025-07-01 00:00:00+00:00, run_after=2025-07-02 00:00:00+00:00
[2025-11-23T14:15:18.986+0000] {processor.py:183} INFO - Processing /opt/airflow/dags/cbr_daily_to_raw.py took 0.264 seconds
[2025-11-23T14:15:49.329+0000] {processor.py:161} INFO - Started process (PID=174) to work on /opt/airflow/dags/cbr_daily_to_raw.py
[2025-11-23T14:15:49.331+0000] {processor.py:830} INFO - Processing file /opt/airflow/dags/cbr_daily_to_raw.py for tasks to queue
[2025-11-23T14:15:49.334+0000] {logging_mixin.py:188} INFO - [2025-11-23T14:15:49.333+0000] {dagbag.py:545} INFO - Filling up the DagBag from /opt/airflow/dags/cbr_daily_to_raw.py
[2025-11-23T14:15:49.366+0000] {processor.py:840} INFO - DAG(s) 'cbr_daily_to_raw' retrieved from /opt/airflow/dags/cbr_daily_to_raw.py
[2025-11-23T14:15:49.412+0000] {logging_mixin.py:188} INFO - [2025-11-23T14:15:49.411+0000] {dag.py:3096} INFO - Sync 1 DAGs
[2025-11-23T14:15:49.441+0000] {logging_mixin.py:188} INFO - [2025-11-23T14:15:49.440+0000] {dag.py:3954} INFO - Setting next_dagrun for cbr_daily_to_raw to 2025-07-01 00:00:00+00:00, run_after=2025-07-02 00:00:00+00:00
[2025-11-23T14:15:49.481+0000] {processor.py:183} INFO - Processing /opt/airflow/dags/cbr_daily_to_raw.py took 0.160 seconds
[2025-11-23T14:17:55.570+0000] {processor.py:161} INFO - Started process (PID=164) to work on /opt/airflow/dags/cbr_daily_to_raw.py
[2025-11-23T14:17:55.573+0000] {processor.py:830} INFO - Processing file /opt/airflow/dags/cbr_daily_to_raw.py for tasks to queue
[2025-11-23T14:17:55.578+0000] {logging_mixin.py:188} INFO - [2025-11-23T14:17:55.577+0000] {dagbag.py:545} INFO - Filling up the DagBag from /opt/airflow/dags/cbr_daily_to_raw.py
[2025-11-23T14:17:55.634+0000] {processor.py:840} INFO - DAG(s) 'cbr_daily_to_raw' retrieved from /opt/airflow/dags/cbr_daily_to_raw.py
[2025-11-23T14:17:55.771+0000] {logging_mixin.py:188} INFO - [2025-11-23T14:17:55.770+0000] {dag.py:3096} INFO - Sync 1 DAGs
[2025-11-23T14:17:55.826+0000] {logging_mixin.py:188} INFO - [2025-11-23T14:17:55.826+0000] {dag.py:3954} INFO - Setting next_dagrun for cbr_daily_to_raw to 2025-07-01 00:00:00+00:00, run_after=2025-07-02 00:00:00+00:00
[2025-11-23T14:17:55.866+0000] {processor.py:183} INFO - Processing /opt/airflow/dags/cbr_daily_to_raw.py took 0.308 seconds
[2025-11-23T14:18:26.154+0000] {processor.py:161} INFO - Started process (PID=169) to work on /opt/airflow/dags/cbr_daily_to_raw.py
[2025-11-23T14:18:26.155+0000] {processor.py:830} INFO - Processing file /opt/airflow/dags/cbr_daily_to_raw.py for tasks to queue
[2025-11-23T14:18:26.159+0000] {logging_mixin.py:188} INFO - [2025-11-23T14:18:26.158+0000] {dagbag.py:545} INFO - Filling up the DagBag from /opt/airflow/dags/cbr_daily_to_raw.py
[2025-11-23T14:18:26.192+0000] {processor.py:840} INFO - DAG(s) 'cbr_daily_to_raw' retrieved from /opt/airflow/dags/cbr_daily_to_raw.py
[2025-11-23T14:18:26.277+0000] {logging_mixin.py:188} INFO - [2025-11-23T14:18:26.277+0000] {dag.py:3096} INFO - Sync 1 DAGs
[2025-11-23T14:18:26.336+0000] {logging_mixin.py:188} INFO - [2025-11-23T14:18:26.336+0000] {dag.py:3954} INFO - Setting next_dagrun for cbr_daily_to_raw to 2025-07-01 00:00:00+00:00, run_after=2025-07-02 00:00:00+00:00
[2025-11-23T14:18:26.387+0000] {processor.py:183} INFO - Processing /opt/airflow/dags/cbr_daily_to_raw.py took 0.243 seconds
[2025-11-23T14:18:56.642+0000] {processor.py:161} INFO - Started process (PID=216) to work on /opt/airflow/dags/cbr_daily_to_raw.py
[2025-11-23T14:18:56.646+0000] {processor.py:830} INFO - Processing file /opt/airflow/dags/cbr_daily_to_raw.py for tasks to queue
[2025-11-23T14:18:56.658+0000] {logging_mixin.py:188} INFO - [2025-11-23T14:18:56.657+0000] {dagbag.py:545} INFO - Filling up the DagBag from /opt/airflow/dags/cbr_daily_to_raw.py
[2025-11-23T14:18:56.799+0000] {processor.py:840} INFO - DAG(s) 'cbr_daily_to_raw' retrieved from /opt/airflow/dags/cbr_daily_to_raw.py
[2025-11-23T14:18:57.171+0000] {logging_mixin.py:188} INFO - [2025-11-23T14:18:57.170+0000] {dag.py:3096} INFO - Sync 1 DAGs
[2025-11-23T14:18:57.472+0000] {logging_mixin.py:188} INFO - [2025-11-23T14:18:57.470+0000] {dag.py:3954} INFO - Setting next_dagrun for cbr_daily_to_raw to 2025-07-27 00:00:00+00:00, run_after=2025-07-28 00:00:00+00:00
[2025-11-23T14:18:57.554+0000] {processor.py:183} INFO - Processing /opt/airflow/dags/cbr_daily_to_raw.py took 0.934 seconds
[2025-11-23T14:19:27.997+0000] {processor.py:161} INFO - Started process (PID=275) to work on /opt/airflow/dags/cbr_daily_to_raw.py
[2025-11-23T14:19:27.999+0000] {processor.py:830} INFO - Processing file /opt/airflow/dags/cbr_daily_to_raw.py for tasks to queue
[2025-11-23T14:19:28.001+0000] {logging_mixin.py:188} INFO - [2025-11-23T14:19:28.001+0000] {dagbag.py:545} INFO - Filling up the DagBag from /opt/airflow/dags/cbr_daily_to_raw.py
[2025-11-23T14:19:28.030+0000] {processor.py:840} INFO - DAG(s) 'cbr_daily_to_raw' retrieved from /opt/airflow/dags/cbr_daily_to_raw.py
[2025-11-23T14:19:28.071+0000] {logging_mixin.py:188} INFO - [2025-11-23T14:19:28.070+0000] {dag.py:3096} INFO - Sync 1 DAGs
[2025-11-23T14:19:28.101+0000] {logging_mixin.py:188} INFO - [2025-11-23T14:19:28.101+0000] {dag.py:3954} INFO - Setting next_dagrun for cbr_daily_to_raw to 2025-08-19 00:00:00+00:00, run_after=2025-08-20 00:00:00+00:00
[2025-11-23T14:19:28.128+0000] {processor.py:183} INFO - Processing /opt/airflow/dags/cbr_daily_to_raw.py took 0.137 seconds
[2025-11-23T14:19:58.292+0000] {processor.py:161} INFO - Started process (PID=280) to work on /opt/airflow/dags/cbr_daily_to_raw.py
[2025-11-23T14:19:58.293+0000] {processor.py:830} INFO - Processing file /opt/airflow/dags/cbr_daily_to_raw.py for tasks to queue
[2025-11-23T14:19:58.296+0000] {logging_mixin.py:188} INFO - [2025-11-23T14:19:58.295+0000] {dagbag.py:545} INFO - Filling up the DagBag from /opt/airflow/dags/cbr_daily_to_raw.py
[2025-11-23T14:19:58.327+0000] {processor.py:840} INFO - DAG(s) 'cbr_daily_to_raw' retrieved from /opt/airflow/dags/cbr_daily_to_raw.py
[2025-11-23T14:19:58.370+0000] {logging_mixin.py:188} INFO - [2025-11-23T14:19:58.370+0000] {dag.py:3096} INFO - Sync 1 DAGs
[2025-11-23T14:19:58.402+0000] {logging_mixin.py:188} INFO - [2025-11-23T14:19:58.401+0000] {dag.py:3954} INFO - Setting next_dagrun for cbr_daily_to_raw to 2025-08-19 00:00:00+00:00, run_after=2025-08-20 00:00:00+00:00
[2025-11-23T14:19:58.435+0000] {processor.py:183} INFO - Processing /opt/airflow/dags/cbr_daily_to_raw.py took 0.151 seconds
[2025-11-23T14:20:28.741+0000] {processor.py:161} INFO - Started process (PID=285) to work on /opt/airflow/dags/cbr_daily_to_raw.py
[2025-11-23T14:20:28.743+0000] {processor.py:830} INFO - Processing file /opt/airflow/dags/cbr_daily_to_raw.py for tasks to queue
[2025-11-23T14:20:28.746+0000] {logging_mixin.py:188} INFO - [2025-11-23T14:20:28.745+0000] {dagbag.py:545} INFO - Filling up the DagBag from /opt/airflow/dags/cbr_daily_to_raw.py
[2025-11-23T14:20:28.773+0000] {processor.py:840} INFO - DAG(s) 'cbr_daily_to_raw' retrieved from /opt/airflow/dags/cbr_daily_to_raw.py
[2025-11-23T14:20:28.810+0000] {logging_mixin.py:188} INFO - [2025-11-23T14:20:28.810+0000] {dag.py:3096} INFO - Sync 1 DAGs
[2025-11-23T14:20:28.841+0000] {logging_mixin.py:188} INFO - [2025-11-23T14:20:28.840+0000] {dag.py:3954} INFO - Setting next_dagrun for cbr_daily_to_raw to 2025-08-19 00:00:00+00:00, run_after=2025-08-20 00:00:00+00:00
[2025-11-23T14:20:28.871+0000] {processor.py:183} INFO - Processing /opt/airflow/dags/cbr_daily_to_raw.py took 0.137 seconds
[2025-11-23T14:20:59.087+0000] {processor.py:161} INFO - Started process (PID=290) to work on /opt/airflow/dags/cbr_daily_to_raw.py
[2025-11-23T14:20:59.089+0000] {processor.py:830} INFO - Processing file /opt/airflow/dags/cbr_daily_to_raw.py for tasks to queue
[2025-11-23T14:20:59.092+0000] {logging_mixin.py:188} INFO - [2025-11-23T14:20:59.091+0000] {dagbag.py:545} INFO - Filling up the DagBag from /opt/airflow/dags/cbr_daily_to_raw.py
[2025-11-23T14:20:59.119+0000] {processor.py:840} INFO - DAG(s) 'cbr_daily_to_raw' retrieved from /opt/airflow/dags/cbr_daily_to_raw.py
[2025-11-23T14:20:59.157+0000] {logging_mixin.py:188} INFO - [2025-11-23T14:20:59.157+0000] {dag.py:3096} INFO - Sync 1 DAGs
[2025-11-23T14:20:59.202+0000] {logging_mixin.py:188} INFO - [2025-11-23T14:20:59.202+0000] {dag.py:3954} INFO - Setting next_dagrun for cbr_daily_to_raw to 2025-08-19 00:00:00+00:00, run_after=2025-08-20 00:00:00+00:00
[2025-11-23T14:20:59.232+0000] {processor.py:183} INFO - Processing /opt/airflow/dags/cbr_daily_to_raw.py took 0.154 seconds
[2025-11-23T14:21:29.532+0000] {processor.py:161} INFO - Started process (PID=295) to work on /opt/airflow/dags/cbr_daily_to_raw.py
[2025-11-23T14:21:29.534+0000] {processor.py:830} INFO - Processing file /opt/airflow/dags/cbr_daily_to_raw.py for tasks to queue
[2025-11-23T14:21:29.537+0000] {logging_mixin.py:188} INFO - [2025-11-23T14:21:29.536+0000] {dagbag.py:545} INFO - Filling up the DagBag from /opt/airflow/dags/cbr_daily_to_raw.py
[2025-11-23T14:21:29.580+0000] {processor.py:840} INFO - DAG(s) 'cbr_daily_to_raw' retrieved from /opt/airflow/dags/cbr_daily_to_raw.py
[2025-11-23T14:21:29.628+0000] {logging_mixin.py:188} INFO - [2025-11-23T14:21:29.628+0000] {dag.py:3096} INFO - Sync 1 DAGs
[2025-11-23T14:21:29.662+0000] {logging_mixin.py:188} INFO - [2025-11-23T14:21:29.662+0000] {dag.py:3954} INFO - Setting next_dagrun for cbr_daily_to_raw to 2025-08-19 00:00:00+00:00, run_after=2025-08-20 00:00:00+00:00
[2025-11-23T14:21:29.710+0000] {processor.py:183} INFO - Processing /opt/airflow/dags/cbr_daily_to_raw.py took 0.188 seconds
[2025-11-23T14:21:59.814+0000] {processor.py:161} INFO - Started process (PID=300) to work on /opt/airflow/dags/cbr_daily_to_raw.py
[2025-11-23T14:21:59.816+0000] {processor.py:830} INFO - Processing file /opt/airflow/dags/cbr_daily_to_raw.py for tasks to queue
[2025-11-23T14:21:59.818+0000] {logging_mixin.py:188} INFO - [2025-11-23T14:21:59.818+0000] {dagbag.py:545} INFO - Filling up the DagBag from /opt/airflow/dags/cbr_daily_to_raw.py
[2025-11-23T14:21:59.843+0000] {processor.py:840} INFO - DAG(s) 'cbr_daily_to_raw' retrieved from /opt/airflow/dags/cbr_daily_to_raw.py
[2025-11-23T14:21:59.881+0000] {logging_mixin.py:188} INFO - [2025-11-23T14:21:59.881+0000] {dag.py:3096} INFO - Sync 1 DAGs
[2025-11-23T14:21:59.910+0000] {logging_mixin.py:188} INFO - [2025-11-23T14:21:59.910+0000] {dag.py:3954} INFO - Setting next_dagrun for cbr_daily_to_raw to 2025-08-19 00:00:00+00:00, run_after=2025-08-20 00:00:00+00:00
[2025-11-23T14:21:59.940+0000] {processor.py:183} INFO - Processing /opt/airflow/dags/cbr_daily_to_raw.py took 0.133 seconds
[2025-11-23T14:22:22.074+0000] {processor.py:161} INFO - Started process (PID=305) to work on /opt/airflow/dags/cbr_daily_to_raw.py
[2025-11-23T14:22:22.075+0000] {processor.py:830} INFO - Processing file /opt/airflow/dags/cbr_daily_to_raw.py for tasks to queue
[2025-11-23T14:22:22.078+0000] {logging_mixin.py:188} INFO - [2025-11-23T14:22:22.077+0000] {dagbag.py:545} INFO - Filling up the DagBag from /opt/airflow/dags/cbr_daily_to_raw.py
[2025-11-23T14:22:22.120+0000] {processor.py:840} INFO - DAG(s) 'cbr_daily_to_raw' retrieved from /opt/airflow/dags/cbr_daily_to_raw.py
[2025-11-23T14:22:22.524+0000] {logging_mixin.py:188} INFO - [2025-11-23T14:22:22.524+0000] {dag.py:3096} INFO - Sync 1 DAGs
[2025-11-23T14:22:22.550+0000] {logging_mixin.py:188} INFO - [2025-11-23T14:22:22.550+0000] {dag.py:3954} INFO - Setting next_dagrun for cbr_daily_to_raw to 2025-08-19 00:00:00+00:00, run_after=2025-08-20 00:00:00+00:00
[2025-11-23T14:22:22.584+0000] {processor.py:183} INFO - Processing /opt/airflow/dags/cbr_daily_to_raw.py took 0.518 seconds
[2025-11-23T14:22:52.913+0000] {processor.py:161} INFO - Started process (PID=310) to work on /opt/airflow/dags/cbr_daily_to_raw.py
[2025-11-23T14:22:52.914+0000] {processor.py:830} INFO - Processing file /opt/airflow/dags/cbr_daily_to_raw.py for tasks to queue
[2025-11-23T14:22:52.916+0000] {logging_mixin.py:188} INFO - [2025-11-23T14:22:52.916+0000] {dagbag.py:545} INFO - Filling up the DagBag from /opt/airflow/dags/cbr_daily_to_raw.py
[2025-11-23T14:22:52.943+0000] {processor.py:840} INFO - DAG(s) 'cbr_daily_to_raw' retrieved from /opt/airflow/dags/cbr_daily_to_raw.py
[2025-11-23T14:22:52.987+0000] {logging_mixin.py:188} INFO - [2025-11-23T14:22:52.987+0000] {dag.py:3096} INFO - Sync 1 DAGs
[2025-11-23T14:22:53.058+0000] {logging_mixin.py:188} INFO - [2025-11-23T14:22:53.057+0000] {dag.py:3954} INFO - Setting next_dagrun for cbr_daily_to_raw to 2025-08-19 00:00:00+00:00, run_after=2025-08-20 00:00:00+00:00
[2025-11-23T14:22:53.123+0000] {processor.py:183} INFO - Processing /opt/airflow/dags/cbr_daily_to_raw.py took 0.218 seconds
[2025-11-23T14:23:23.216+0000] {processor.py:161} INFO - Started process (PID=315) to work on /opt/airflow/dags/cbr_daily_to_raw.py
[2025-11-23T14:23:23.218+0000] {processor.py:830} INFO - Processing file /opt/airflow/dags/cbr_daily_to_raw.py for tasks to queue
[2025-11-23T14:23:23.220+0000] {logging_mixin.py:188} INFO - [2025-11-23T14:23:23.220+0000] {dagbag.py:545} INFO - Filling up the DagBag from /opt/airflow/dags/cbr_daily_to_raw.py
[2025-11-23T14:23:23.249+0000] {processor.py:840} INFO - DAG(s) 'cbr_daily_to_raw' retrieved from /opt/airflow/dags/cbr_daily_to_raw.py
[2025-11-23T14:23:23.290+0000] {logging_mixin.py:188} INFO - [2025-11-23T14:23:23.290+0000] {dag.py:3096} INFO - Sync 1 DAGs
[2025-11-23T14:23:23.321+0000] {logging_mixin.py:188} INFO - [2025-11-23T14:23:23.321+0000] {dag.py:3954} INFO - Setting next_dagrun for cbr_daily_to_raw to 2025-08-19 00:00:00+00:00, run_after=2025-08-20 00:00:00+00:00
[2025-11-23T14:23:23.348+0000] {processor.py:183} INFO - Processing /opt/airflow/dags/cbr_daily_to_raw.py took 0.139 seconds
